<!DOCTYPE html>

<html>
  <head>
  <meta charset='utf-8'>
  <title>TestNG reports</title>

    <link type="text/css" href="testng-reports.css" rel="stylesheet" />
    <script type="text/javascript" src="jquery-1.7.1.min.js"></script>
    <script type="text/javascript" src="testng-reports.js"></script>
    <script type="text/javascript" src="https://www.google.com/jsapi"></script>
    <script type='text/javascript'>
      google.load('visualization', '1', {packages:['table']});
      google.setOnLoadCallback(drawTable);
      var suiteTableInitFunctions = new Array();
      var suiteTableData = new Array();
    </script>
    <!--
      <script type="text/javascript" src="jquery-ui/js/jquery-ui-1.8.16.custom.min.js"></script>
     -->
  </head>

  <body>
    <div class="top-banner-root">
      <span class="top-banner-title-font">Test results</span>
      <br/>
      <span class="top-banner-font-1">1 suite, 17 failed tests</span>
    </div> <!-- top-banner-root -->
    <div class="navigator-root">
      <div class="navigator-suite-header">
        <span>All suites</span>
        <a href="#" class="collapse-all-link" title="Collapse/expand all the suites">
          <img class="collapse-all-icon" src="collapseall.gif">
          </img> <!-- collapse-all-icon -->
        </a> <!-- collapse-all-link -->
      </div> <!-- navigator-suite-header -->
      <div class="suite">
        <div class="rounded-window">
          <div class="suite-header light-rounded-window-top">
            <a href="#" class="navigator-link" panel-name="suite-Surefire_suite">
              <span class="suite-name border-failed">Surefire suite</span>
            </a> <!-- navigator-link -->
          </div> <!-- suite-header light-rounded-window-top -->
          <div class="navigator-suite-content">
            <div class="suite-section-title">
              <span>Info</span>
            </div> <!-- suite-section-title -->
            <div class="suite-section-content">
              <ul>
                <li>
                  <a href="#" class="navigator-link " panel-name="test-xml-Surefire_suite">
                    <span>[unset file name]</span>
                  </a> <!-- navigator-link  -->
                </li>
                <li>
                  <a href="#" class="navigator-link " panel-name="testlist-Surefire_suite">
                    <span class="test-stats">1 test</span>
                  </a> <!-- navigator-link  -->
                </li>
                <li>
                  <a href="#" class="navigator-link " panel-name="group-Surefire_suite">
                    <span>0 groups</span>
                  </a> <!-- navigator-link  -->
                </li>
                <li>
                  <a href="#" class="navigator-link " panel-name="times-Surefire_suite">
                    <span>Times</span>
                  </a> <!-- navigator-link  -->
                </li>
                <li>
                  <a href="#" class="navigator-link " panel-name="reporter-Surefire_suite">
                    <span>Reporter output</span>
                  </a> <!-- navigator-link  -->
                </li>
                <li>
                  <a href="#" class="navigator-link " panel-name="ignored-methods-Surefire_suite">
                    <span>Ignored methods</span>
                  </a> <!-- navigator-link  -->
                </li>
                <li>
                  <a href="#" class="navigator-link " panel-name="chronological-Surefire_suite">
                    <span>Chronological view</span>
                  </a> <!-- navigator-link  -->
                </li>
              </ul>
            </div> <!-- suite-section-content -->
            <div class="result-section">
              <div class="suite-section-title">
                <span>Results</span>
              </div> <!-- suite-section-title -->
              <div class="suite-section-content">
                <ul>
                  <li>
                    <span class="method-stats">39 methods, 17 failed,  1 skipped,  21 passed</span>
                  </li>
                  <li>
                    <span class="method-list-title failed">Failed methods</span>
                    <span class="show-or-hide-methods failed">
                      <a href="#" panel-name="suite-Surefire_suite" class="hide-methods failed suite-Surefire_suite"> (hide)</a> <!-- hide-methods failed suite-Surefire_suite -->
                      <a href="#" panel-name="suite-Surefire_suite" class="show-methods failed suite-Surefire_suite"> (show)</a> <!-- show-methods failed suite-Surefire_suite -->
                    </span>
                    <div class="method-list-content failed suite-Surefire_suite">
                      <span>
                        <img width="3%" src="failed.png"/>
                        <a href="#" class="method navigator-link" panel-name="suite-Surefire_suite" title="testMtaInfo.TestMtaInfo" hash-for-method="AboutMtaTest">AboutMtaTest</a> <!-- method navigator-link -->
                      </span>
                      <br/>
                      <span>
                        <img width="3%" src="failed.png"/>
                        <a href="#" class="method navigator-link" panel-name="suite-Surefire_suite" title="serviceStatusHomePage.TestPlannedService" hash-for-method="TestPlan">TestPlan</a> <!-- method navigator-link -->
                      </span>
                      <br/>
                      <span>
                        <img width="3%" src="failed.png"/>
                        <a href="#" class="method navigator-link" panel-name="suite-Surefire_suite" title="serviceStatusHomePage.TestServiceStatus" hash-for-method="checkBridge">checkBridge</a> <!-- method navigator-link -->
                      </span>
                      <br/>
                      <span>
                        <img width="3%" src="failed.png"/>
                        <a href="#" class="method navigator-link" panel-name="suite-Surefire_suite" title="serviceStatusHomePage.TestServiceStatus" hash-for-method="checkBusTab">checkBusTab</a> <!-- method navigator-link -->
                      </span>
                      <br/>
                      <span>
                        <img width="3%" src="failed.png"/>
                        <a href="#" class="method navigator-link" panel-name="suite-Surefire_suite" title="testMtaInfo.TestMtaInfo" hash-for-method="getMtaTitle">getMtaTitle</a> <!-- method navigator-link -->
                      </span>
                      <br/>
                      <span>
                        <img width="3%" src="failed.png"/>
                        <a href="#" class="method navigator-link" panel-name="suite-Surefire_suite" title="databaseTest.TestMongoDB" hash-for-method="insertLanguageListTest">insertLanguageListTest</a> <!-- method navigator-link -->
                      </span>
                      <br/>
                      <span>
                        <img width="3%" src="failed.png"/>
                        <a href="#" class="method navigator-link" panel-name="suite-Surefire_suite" title="databaseTest.TestMongoDB" hash-for-method="readDataTest">readDataTest</a> <!-- method navigator-link -->
                      </span>
                      <br/>
                      <span>
                        <img width="3%" src="failed.png"/>
                        <a href="#" class="method navigator-link" panel-name="suite-Surefire_suite" title="testBusiness.TestDoingBusiness" hash-for-method="testAdOnMtaCard">testAdOnMtaCard</a> <!-- method navigator-link -->
                      </span>
                      <br/>
                      <span>
                        <img width="3%" src="failed.png"/>
                        <a href="#" class="method navigator-link" panel-name="suite-Surefire_suite" title="testBusiness.TestDoingBusiness" hash-for-method="testBusinessItem">testBusinessItem</a> <!-- method navigator-link -->
                      </span>
                      <br/>
                      <span>
                        <img width="3%" src="failed.png"/>
                        <a href="#" class="method navigator-link" panel-name="suite-Surefire_suite" title="testBusiness.TestDoingBusiness" hash-for-method="testBusinessTite">testBusinessTite</a> <!-- method navigator-link -->
                      </span>
                      <br/>
                      <span>
                        <img width="3%" src="failed.png"/>
                        <a href="#" class="method navigator-link" panel-name="suite-Surefire_suite" title="testBusiness.TestDoingBusiness" hash-for-method="testDoingBusiness">testDoingBusiness</a> <!-- method navigator-link -->
                      </span>
                      <br/>
                      <span>
                        <img width="3%" src="failed.png"/>
                        <a href="#" class="method navigator-link" panel-name="suite-Surefire_suite" title="testMtaInfo.TestMtaInfo" hash-for-method="testFinance">testFinance</a> <!-- method navigator-link -->
                      </span>
                      <br/>
                      <span>
                        <img width="3%" src="failed.png"/>
                        <a href="#" class="method navigator-link" panel-name="suite-Surefire_suite" title="serviceStatusHomePage.TestTripPlanner" hash-for-method="testForm">testForm</a> <!-- method navigator-link -->
                      </span>
                      <br/>
                      <span>
                        <img width="3%" src="failed.png"/>
                        <a href="#" class="method navigator-link" panel-name="suite-Surefire_suite" title="serviceStatusHomePage.TestServiceStatus" hash-for-method="testInputBox">testInputBox</a> <!-- method navigator-link -->
                      </span>
                      <br/>
                      <span>
                        <img width="3%" src="failed.png"/>
                        <a href="#" class="method navigator-link" panel-name="suite-Surefire_suite" title="testFareAndTolls.ScheduleTest" hash-for-method="testSchedule">testSchedule</a> <!-- method navigator-link -->
                      </span>
                      <br/>
                      <span>
                        <img width="3%" src="failed.png"/>
                        <a href="#" class="method navigator-link" panel-name="suite-Surefire_suite" title="testFareAndTolls.ScheduleTest" hash-for-method="testStatenIslands">testStatenIslands</a> <!-- method navigator-link -->
                      </span>
                      <br/>
                      <span>
                        <img width="3%" src="failed.png"/>
                        <a href="#" class="method navigator-link" panel-name="suite-Surefire_suite" title="serviceStatusHomePage.TestPlannedService" hash-for-method="textPlanTest">textPlanTest</a> <!-- method navigator-link -->
                      </span>
                      <br/>
                    </div> <!-- method-list-content failed suite-Surefire_suite -->
                  </li>
                  <li>
                    <span class="method-list-title skipped">Skipped methods</span>
                    <span class="show-or-hide-methods skipped">
                      <a href="#" panel-name="suite-Surefire_suite" class="hide-methods skipped suite-Surefire_suite"> (hide)</a> <!-- hide-methods skipped suite-Surefire_suite -->
                      <a href="#" panel-name="suite-Surefire_suite" class="show-methods skipped suite-Surefire_suite"> (show)</a> <!-- show-methods skipped suite-Surefire_suite -->
                    </span>
                    <div class="method-list-content skipped suite-Surefire_suite">
                      <span>
                        <img width="3%" src="skipped.png"/>
                        <a href="#" class="method navigator-link" panel-name="suite-Surefire_suite" title="serviceStatusHomePage.TestTripPlanner" hash-for-method="testTripsPlannerService">testTripsPlannerService</a> <!-- method navigator-link -->
                      </span>
                      <br/>
                    </div> <!-- method-list-content skipped suite-Surefire_suite -->
                  </li>
                  <li>
                    <span class="method-list-title passed">Passed methods</span>
                    <span class="show-or-hide-methods passed">
                      <a href="#" panel-name="suite-Surefire_suite" class="hide-methods passed suite-Surefire_suite"> (hide)</a> <!-- hide-methods passed suite-Surefire_suite -->
                      <a href="#" panel-name="suite-Surefire_suite" class="show-methods passed suite-Surefire_suite"> (show)</a> <!-- show-methods passed suite-Surefire_suite -->
                    </span>
                    <div class="method-list-content passed suite-Surefire_suite">
                      <span>
                        <img width="3%" src="passed.png"/>
                        <a href="#" class="method navigator-link" panel-name="suite-Surefire_suite" title="Transperancy.TestTransperancy" hash-for-method="TestHovering">TestHovering</a> <!-- method navigator-link -->
                      </span>
                      <br/>
                      <span>
                        <img width="3%" src="passed.png"/>
                        <a href="#" class="method navigator-link" panel-name="suite-Surefire_suite" title="serviceStatusHomePage.TestServiceStatus" hash-for-method="checkServiceStatusComponents">checkServiceStatusComponents</a> <!-- method navigator-link -->
                      </span>
                      <br/>
                      <span>
                        <img width="3%" src="passed.png"/>
                        <a href="#" class="method navigator-link" panel-name="suite-Surefire_suite" title="googleSheet.GoogleSheetPageTest" hash-for-method="dd">dd</a> <!-- method navigator-link -->
                      </span>
                      <br/>
                      <span>
                        <img width="3%" src="passed.png"/>
                        <a href="#" class="method navigator-link" panel-name="suite-Surefire_suite" title="serviceStatusHomePage.TestSpecialServiceNotice" hash-for-method="iFrameTest">iFrameTest</a> <!-- method navigator-link -->
                      </span>
                      <br/>
                      <span>
                        <img width="3%" src="passed.png"/>
                        <a href="#" class="method navigator-link" panel-name="suite-Surefire_suite" title="serviceStatusHomePage.TestSpecialServiceNotice" hash-for-method="imageSizeTest">imageSizeTest</a> <!-- method navigator-link -->
                      </span>
                      <br/>
                      <span>
                        <img width="3%" src="passed.png"/>
                        <a href="#" class="method navigator-link" panel-name="suite-Surefire_suite" title="serviceStatusHomePage.TestServiceStatus" hash-for-method="languageOptions">languageOptions</a> <!-- method navigator-link -->
                      </span>
                      <br/>
                      <span>
                        <img width="3%" src="passed.png"/>
                        <a href="#" class="method navigator-link" panel-name="suite-Surefire_suite" title="testXlSheet.TestHomePageMyMtaAlert" hash-for-method="signIn(Fahim1988, mun34119)">signIn(Fahim1988, mun34119)</a> <!-- method navigator-link -->
                      </span>
                      <br/>
                      <span>
                        <img width="3%" src="passed.png"/>
                        <a href="#" class="method navigator-link" panel-name="suite-Surefire_suite" title="testXlSheet.TestHomePageMyMtaAlert" hash-for-method="signIn(Fahim, 12345.0)">signIn(Fahim, 12345.0)</a> <!-- method navigator-link -->
                      </span>
                      <br/>
                      <span>
                        <img width="3%" src="passed.png"/>
                        <a href="#" class="method navigator-link" panel-name="suite-Surefire_suite" title="serviceStatusHomePage.TestSpecialServiceNotice" hash-for-method="st238Test">st238Test</a> <!-- method navigator-link -->
                      </span>
                      <br/>
                      <span>
                        <img width="3%" src="passed.png"/>
                        <a href="#" class="method navigator-link" panel-name="suite-Surefire_suite" title="testXlSheet.TestHomePageMyMtaAlert" hash-for-method="test">test</a> <!-- method navigator-link -->
                      </span>
                      <br/>
                      <span>
                        <img width="3%" src="passed.png"/>
                        <a href="#" class="method navigator-link" panel-name="suite-Surefire_suite" title="serviceStatusHomePage.TestTripPlanner" hash-for-method="testArrival">testArrival</a> <!-- method navigator-link -->
                      </span>
                      <br/>
                      <span>
                        <img width="3%" src="passed.png"/>
                        <a href="#" class="method navigator-link" panel-name="suite-Surefire_suite" title="Transperancy.TestTransperancy" hash-for-method="testGetText">testGetText</a> <!-- method navigator-link -->
                      </span>
                      <br/>
                      <span>
                        <img width="3%" src="passed.png"/>
                        <a href="#" class="method navigator-link" panel-name="suite-Surefire_suite" title="googleSheet.GoogleSheetPageTest" hash-for-method="testLogInByInvalidIdPassUsingGoogleSheet">testLogInByInvalidIdPassUsingGoogleSheet</a> <!-- method navigator-link -->
                      </span>
                      <br/>
                      <span>
                        <img width="3%" src="passed.png"/>
                        <a href="#" class="method navigator-link" panel-name="suite-Surefire_suite" title="testMtaInfo.TestMtaInfo" hash-for-method="testMtaInfo">testMtaInfo</a> <!-- method navigator-link -->
                      </span>
                      <br/>
                      <span>
                        <img width="3%" src="passed.png"/>
                        <a href="#" class="method navigator-link" panel-name="suite-Surefire_suite" title="testMtaInfo.TestMtaInfo" hash-for-method="testMtaPoliceSearch">testMtaPoliceSearch</a> <!-- method navigator-link -->
                      </span>
                      <br/>
                      <span>
                        <img width="3%" src="passed.png"/>
                        <a href="#" class="method navigator-link" panel-name="suite-Surefire_suite" title="testMtaInfo.TestMtaInfo" hash-for-method="testMtaPoliceSearchBox">testMtaPoliceSearchBox</a> <!-- method navigator-link -->
                      </span>
                      <br/>
                      <span>
                        <img width="3%" src="passed.png"/>
                        <a href="#" class="method navigator-link" panel-name="suite-Surefire_suite" title="testXlSheet.TestHomePageMyMtaAlert" hash-for-method="testMymtaHomePage">testMymtaHomePage</a> <!-- method navigator-link -->
                      </span>
                      <br/>
                      <span>
                        <img width="3%" src="passed.png"/>
                        <a href="#" class="method navigator-link" panel-name="suite-Surefire_suite" title="testMtaInfo.TestMtaInfo" hash-for-method="testNavigate">testNavigate</a> <!-- method navigator-link -->
                      </span>
                      <br/>
                      <span>
                        <img width="3%" src="passed.png"/>
                        <a href="#" class="method navigator-link" panel-name="suite-Surefire_suite" title="kewwordTest.TestFeatures" hash-for-method="testSignInKeyWord">testSignInKeyWord</a> <!-- method navigator-link -->
                      </span>
                      <br/>
                      <span>
                        <img width="3%" src="passed.png"/>
                        <a href="#" class="method navigator-link" panel-name="suite-Surefire_suite" title="kewwordTest.TestFeatures" hash-for-method="testSignInithvalidIdAndPassword">testSignInithvalidIdAndPassword</a> <!-- method navigator-link -->
                      </span>
                      <br/>
                      <span>
                        <img width="3%" src="passed.png"/>
                        <a href="#" class="method navigator-link" panel-name="suite-Surefire_suite" title="Transperancy.TestTransperancy" hash-for-method="testTransperancyHover">testTransperancyHover</a> <!-- method navigator-link -->
                      </span>
                      <br/>
                    </div> <!-- method-list-content passed suite-Surefire_suite -->
                  </li>
                </ul>
              </div> <!-- suite-section-content -->
            </div> <!-- result-section -->
          </div> <!-- navigator-suite-content -->
        </div> <!-- rounded-window -->
      </div> <!-- suite -->
    </div> <!-- navigator-root -->
    <div class="wrapper">
      <div class="main-panel-root">
        <div panel-name="suite-Surefire_suite" class="panel Surefire_suite">
          <div class="suite-Surefire_suite-class-failed">
            <div class="main-panel-header rounded-window-top">
              <img src="failed.png"/>
              <span class="class-name">testBusiness.TestDoingBusiness</span>
            </div> <!-- main-panel-header rounded-window-top -->
            <div class="main-panel-content rounded-window-bottom">
              <div class="method">
                <div class="method-content">
                  <a name="testAdOnMtaCard">
                  </a> <!-- testAdOnMtaCard -->
                  <span class="method-name">testAdOnMtaCard</span>
                  <div class="stack-trace">org.openqa.selenium.NoSuchElementException: no such element: Unable to locate element: {&quot;method&quot;:&quot;xpath&quot;,&quot;selector&quot;:&quot;//a[contains(text(),&apos;Doing Business With Us&apos;)]&quot;}
  (Session info: chrome=69.0.3497.100)
  (Driver info: chromedriver=2.42.591088 (7b2b2dca23cca0862f674758c9a3933e685c27d5),platform=Windows NT 10.0.17134 x86_64) (WARNING: The server did not provide any stacktrace information)
Command duration or timeout: 0 milliseconds
For documentation on this error, please visit: http://seleniumhq.org/exceptions/no_such_element.html
Build info: version: &apos;3.14.0&apos;, revision: &apos;aacccce0&apos;, time: &apos;2018-08-02T20:19:58.91Z&apos;
System info: host: &apos;FAHIM-AHMED-198&apos;, ip: &apos;192.168.141.1&apos;, os.name: &apos;Windows 10&apos;, os.arch: &apos;amd64&apos;, os.version: &apos;10.0&apos;, java.version: &apos;1.8.0_181&apos;
Driver info: org.openqa.selenium.chrome.ChromeDriver
Capabilities {acceptInsecureCerts: false, acceptSslCerts: false, applicationCacheEnabled: false, browserConnectionEnabled: false, browserName: chrome, chrome: {chromedriverVersion: 2.42.591088 (7b2b2dca23cca0..., userDataDir: C:\Users\Owner\AppData\Loca...}, cssSelectorsEnabled: true, databaseEnabled: false, goog:chromeOptions: {debuggerAddress: localhost:60706}, handlesAlerts: true, hasTouchScreen: false, javascriptEnabled: true, locationContextEnabled: true, mobileEmulationEnabled: false, nativeEvents: true, networkConnectionEnabled: false, pageLoadStrategy: normal, platform: XP, platformName: XP, rotatable: false, setWindowRect: true, takesHeapSnapshot: true, takesScreenshot: true, unexpectedAlertBehaviour: , unhandledPromptBehavior: , version: 69.0.3497.100, webStorageEnabled: true}
Session ID: 84b669e7ca762da881eeccec401500df
*** Element info: {Using=xpath, value=//a[contains(text(),&apos;Doing Business With Us&apos;)]}
	at org.openqa.selenium.remote.ErrorHandler.createThrowable(ErrorHandler.java:214)
	at org.openqa.selenium.remote.ErrorHandler.throwIfResponseFailed(ErrorHandler.java:166)
	at org.openqa.selenium.remote.http.JsonHttpResponseCodec.reconstructValue(JsonHttpResponseCodec.java:40)
	at org.openqa.selenium.remote.http.AbstractHttpResponseCodec.decode(AbstractHttpResponseCodec.java:80)
	at org.openqa.selenium.remote.http.AbstractHttpResponseCodec.decode(AbstractHttpResponseCodec.java:44)
	at org.openqa.selenium.remote.HttpCommandExecutor.execute(HttpCommandExecutor.java:158)
	at org.openqa.selenium.remote.service.DriverCommandExecutor.execute(DriverCommandExecutor.java:83)
	at org.openqa.selenium.remote.RemoteWebDriver.execute(RemoteWebDriver.java:548)
	at org.openqa.selenium.remote.RemoteWebDriver.findElement(RemoteWebDriver.java:322)
	at org.openqa.selenium.remote.RemoteWebDriver.findElementByXPath(RemoteWebDriver.java:424)
	at org.openqa.selenium.By$ByXPath.findElement(By.java:353)
	at org.openqa.selenium.remote.RemoteWebDriver.findElement(RemoteWebDriver.java:314)
	at org.openqa.selenium.support.pagefactory.DefaultElementLocator.findElement(DefaultElementLocator.java:69)
	at org.openqa.selenium.support.pagefactory.internal.LocatingElementHandler.invoke(LocatingElementHandler.java:38)
	at com.sun.proxy.$Proxy12.click(Unknown Source)
	at pages.DoingBusiness.clickOnDoingBusiness(DoingBusiness.java:24)
	at pages.DoingBusiness.clickOnAdOnMtaCard(DoingBusiness.java:32)
	at testBusiness.TestDoingBusiness.testAdOnMtaCard(TestDoingBusiness.java:24)
... Removed 34 stack frames
</div> <!-- stack-trace -->
                </div> <!-- method-content -->
              </div> <!-- method -->
              <div class="method">
                <div class="method-content">
                  <a name="testBusinessItem">
                  </a> <!-- testBusinessItem -->
                  <span class="method-name">testBusinessItem</span>
                  <div class="stack-trace">org.openqa.selenium.NoSuchElementException: no such element: Unable to locate element: {&quot;method&quot;:&quot;xpath&quot;,&quot;selector&quot;:&quot;//a[contains(text(),&apos;Doing Business With Us&apos;)]&quot;}
  (Session info: chrome=69.0.3497.100)
  (Driver info: chromedriver=2.42.591088 (7b2b2dca23cca0862f674758c9a3933e685c27d5),platform=Windows NT 10.0.17134 x86_64) (WARNING: The server did not provide any stacktrace information)
Command duration or timeout: 0 milliseconds
For documentation on this error, please visit: http://seleniumhq.org/exceptions/no_such_element.html
Build info: version: &apos;3.14.0&apos;, revision: &apos;aacccce0&apos;, time: &apos;2018-08-02T20:19:58.91Z&apos;
System info: host: &apos;FAHIM-AHMED-198&apos;, ip: &apos;192.168.141.1&apos;, os.name: &apos;Windows 10&apos;, os.arch: &apos;amd64&apos;, os.version: &apos;10.0&apos;, java.version: &apos;1.8.0_181&apos;
Driver info: org.openqa.selenium.chrome.ChromeDriver
Capabilities {acceptInsecureCerts: false, acceptSslCerts: false, applicationCacheEnabled: false, browserConnectionEnabled: false, browserName: chrome, chrome: {chromedriverVersion: 2.42.591088 (7b2b2dca23cca0..., userDataDir: C:\Users\Owner\AppData\Loca...}, cssSelectorsEnabled: true, databaseEnabled: false, goog:chromeOptions: {debuggerAddress: localhost:60750}, handlesAlerts: true, hasTouchScreen: false, javascriptEnabled: true, locationContextEnabled: true, mobileEmulationEnabled: false, nativeEvents: true, networkConnectionEnabled: false, pageLoadStrategy: normal, platform: XP, platformName: XP, rotatable: false, setWindowRect: true, takesHeapSnapshot: true, takesScreenshot: true, unexpectedAlertBehaviour: , unhandledPromptBehavior: , version: 69.0.3497.100, webStorageEnabled: true}
Session ID: 5ab29fa1bd312bcf8b42c1bd20c9ec32
*** Element info: {Using=xpath, value=//a[contains(text(),&apos;Doing Business With Us&apos;)]}
	at org.openqa.selenium.remote.ErrorHandler.createThrowable(ErrorHandler.java:214)
	at org.openqa.selenium.remote.ErrorHandler.throwIfResponseFailed(ErrorHandler.java:166)
	at org.openqa.selenium.remote.http.JsonHttpResponseCodec.reconstructValue(JsonHttpResponseCodec.java:40)
	at org.openqa.selenium.remote.http.AbstractHttpResponseCodec.decode(AbstractHttpResponseCodec.java:80)
	at org.openqa.selenium.remote.http.AbstractHttpResponseCodec.decode(AbstractHttpResponseCodec.java:44)
	at org.openqa.selenium.remote.HttpCommandExecutor.execute(HttpCommandExecutor.java:158)
	at org.openqa.selenium.remote.service.DriverCommandExecutor.execute(DriverCommandExecutor.java:83)
	at org.openqa.selenium.remote.RemoteWebDriver.execute(RemoteWebDriver.java:548)
	at org.openqa.selenium.remote.RemoteWebDriver.findElement(RemoteWebDriver.java:322)
	at org.openqa.selenium.remote.RemoteWebDriver.findElementByXPath(RemoteWebDriver.java:424)
	at org.openqa.selenium.By$ByXPath.findElement(By.java:353)
	at org.openqa.selenium.remote.RemoteWebDriver.findElement(RemoteWebDriver.java:314)
	at org.openqa.selenium.support.pagefactory.DefaultElementLocator.findElement(DefaultElementLocator.java:69)
	at org.openqa.selenium.support.pagefactory.internal.LocatingElementHandler.invoke(LocatingElementHandler.java:38)
	at com.sun.proxy.$Proxy12.click(Unknown Source)
	at pages.DoingBusiness.clickOnDoingBusinessItems(DoingBusiness.java:37)
	at testBusiness.TestDoingBusiness.testBusinessItem(TestDoingBusiness.java:29)
... Removed 34 stack frames
</div> <!-- stack-trace -->
                </div> <!-- method-content -->
              </div> <!-- method -->
              <div class="method">
                <div class="method-content">
                  <a name="testBusinessTite">
                  </a> <!-- testBusinessTite -->
                  <span class="method-name">testBusinessTite</span>
                  <div class="stack-trace">org.openqa.selenium.NoSuchElementException: no such element: Unable to locate element: {&quot;method&quot;:&quot;xpath&quot;,&quot;selector&quot;:&quot;//a[contains(text(),&apos;Doing Business With Us&apos;)]&quot;}
  (Session info: chrome=69.0.3497.100)
  (Driver info: chromedriver=2.42.591088 (7b2b2dca23cca0862f674758c9a3933e685c27d5),platform=Windows NT 10.0.17134 x86_64) (WARNING: The server did not provide any stacktrace information)
Command duration or timeout: 0 milliseconds
For documentation on this error, please visit: http://seleniumhq.org/exceptions/no_such_element.html
Build info: version: &apos;3.14.0&apos;, revision: &apos;aacccce0&apos;, time: &apos;2018-08-02T20:19:58.91Z&apos;
System info: host: &apos;FAHIM-AHMED-198&apos;, ip: &apos;192.168.141.1&apos;, os.name: &apos;Windows 10&apos;, os.arch: &apos;amd64&apos;, os.version: &apos;10.0&apos;, java.version: &apos;1.8.0_181&apos;
Driver info: org.openqa.selenium.chrome.ChromeDriver
Capabilities {acceptInsecureCerts: false, acceptSslCerts: false, applicationCacheEnabled: false, browserConnectionEnabled: false, browserName: chrome, chrome: {chromedriverVersion: 2.42.591088 (7b2b2dca23cca0..., userDataDir: C:\Users\Owner\AppData\Loca...}, cssSelectorsEnabled: true, databaseEnabled: false, goog:chromeOptions: {debuggerAddress: localhost:60790}, handlesAlerts: true, hasTouchScreen: false, javascriptEnabled: true, locationContextEnabled: true, mobileEmulationEnabled: false, nativeEvents: true, networkConnectionEnabled: false, pageLoadStrategy: normal, platform: XP, platformName: XP, rotatable: false, setWindowRect: true, takesHeapSnapshot: true, takesScreenshot: true, unexpectedAlertBehaviour: , unhandledPromptBehavior: , version: 69.0.3497.100, webStorageEnabled: true}
Session ID: f963d64c9296c209dd31a8c48adf9efc
*** Element info: {Using=xpath, value=//a[contains(text(),&apos;Doing Business With Us&apos;)]}
	at org.openqa.selenium.remote.ErrorHandler.createThrowable(ErrorHandler.java:214)
	at org.openqa.selenium.remote.ErrorHandler.throwIfResponseFailed(ErrorHandler.java:166)
	at org.openqa.selenium.remote.http.JsonHttpResponseCodec.reconstructValue(JsonHttpResponseCodec.java:40)
	at org.openqa.selenium.remote.http.AbstractHttpResponseCodec.decode(AbstractHttpResponseCodec.java:80)
	at org.openqa.selenium.remote.http.AbstractHttpResponseCodec.decode(AbstractHttpResponseCodec.java:44)
	at org.openqa.selenium.remote.HttpCommandExecutor.execute(HttpCommandExecutor.java:158)
	at org.openqa.selenium.remote.service.DriverCommandExecutor.execute(DriverCommandExecutor.java:83)
	at org.openqa.selenium.remote.RemoteWebDriver.execute(RemoteWebDriver.java:548)
	at org.openqa.selenium.remote.RemoteWebDriver.findElement(RemoteWebDriver.java:322)
	at org.openqa.selenium.remote.RemoteWebDriver.findElementByXPath(RemoteWebDriver.java:424)
	at org.openqa.selenium.By$ByXPath.findElement(By.java:353)
	at org.openqa.selenium.remote.RemoteWebDriver.findElement(RemoteWebDriver.java:314)
	at org.openqa.selenium.support.pagefactory.DefaultElementLocator.findElement(DefaultElementLocator.java:69)
	at org.openqa.selenium.support.pagefactory.internal.LocatingElementHandler.invoke(LocatingElementHandler.java:38)
	at com.sun.proxy.$Proxy12.click(Unknown Source)
	at pages.DoingBusiness.getDoingBusinessTitle(DoingBusiness.java:42)
	at testBusiness.TestDoingBusiness.testBusinessTite(TestDoingBusiness.java:33)
... Removed 34 stack frames
</div> <!-- stack-trace -->
                </div> <!-- method-content -->
              </div> <!-- method -->
              <div class="method">
                <div class="method-content">
                  <a name="testDoingBusiness">
                  </a> <!-- testDoingBusiness -->
                  <span class="method-name">testDoingBusiness</span>
                  <div class="stack-trace">org.openqa.selenium.NoSuchElementException: no such element: Unable to locate element: {&quot;method&quot;:&quot;xpath&quot;,&quot;selector&quot;:&quot;//a[contains(text(),&apos;Doing Business With Us&apos;)]&quot;}
  (Session info: chrome=69.0.3497.100)
  (Driver info: chromedriver=2.42.591088 (7b2b2dca23cca0862f674758c9a3933e685c27d5),platform=Windows NT 10.0.17134 x86_64) (WARNING: The server did not provide any stacktrace information)
Command duration or timeout: 0 milliseconds
For documentation on this error, please visit: http://seleniumhq.org/exceptions/no_such_element.html
Build info: version: &apos;3.14.0&apos;, revision: &apos;aacccce0&apos;, time: &apos;2018-08-02T20:19:58.91Z&apos;
System info: host: &apos;FAHIM-AHMED-198&apos;, ip: &apos;192.168.141.1&apos;, os.name: &apos;Windows 10&apos;, os.arch: &apos;amd64&apos;, os.version: &apos;10.0&apos;, java.version: &apos;1.8.0_181&apos;
Driver info: org.openqa.selenium.chrome.ChromeDriver
Capabilities {acceptInsecureCerts: false, acceptSslCerts: false, applicationCacheEnabled: false, browserConnectionEnabled: false, browserName: chrome, chrome: {chromedriverVersion: 2.42.591088 (7b2b2dca23cca0..., userDataDir: C:\Users\Owner\AppData\Loca...}, cssSelectorsEnabled: true, databaseEnabled: false, goog:chromeOptions: {debuggerAddress: localhost:60828}, handlesAlerts: true, hasTouchScreen: false, javascriptEnabled: true, locationContextEnabled: true, mobileEmulationEnabled: false, nativeEvents: true, networkConnectionEnabled: false, pageLoadStrategy: normal, platform: XP, platformName: XP, rotatable: false, setWindowRect: true, takesHeapSnapshot: true, takesScreenshot: true, unexpectedAlertBehaviour: , unhandledPromptBehavior: , version: 69.0.3497.100, webStorageEnabled: true}
Session ID: fb02ef44b52807df3d3df269725b09b7
*** Element info: {Using=xpath, value=//a[contains(text(),&apos;Doing Business With Us&apos;)]}
	at org.openqa.selenium.remote.ErrorHandler.createThrowable(ErrorHandler.java:214)
	at org.openqa.selenium.remote.ErrorHandler.throwIfResponseFailed(ErrorHandler.java:166)
	at org.openqa.selenium.remote.http.JsonHttpResponseCodec.reconstructValue(JsonHttpResponseCodec.java:40)
	at org.openqa.selenium.remote.http.AbstractHttpResponseCodec.decode(AbstractHttpResponseCodec.java:80)
	at org.openqa.selenium.remote.http.AbstractHttpResponseCodec.decode(AbstractHttpResponseCodec.java:44)
	at org.openqa.selenium.remote.HttpCommandExecutor.execute(HttpCommandExecutor.java:158)
	at org.openqa.selenium.remote.service.DriverCommandExecutor.execute(DriverCommandExecutor.java:83)
	at org.openqa.selenium.remote.RemoteWebDriver.execute(RemoteWebDriver.java:548)
	at org.openqa.selenium.remote.RemoteWebDriver.findElement(RemoteWebDriver.java:322)
	at org.openqa.selenium.remote.RemoteWebDriver.findElementByXPath(RemoteWebDriver.java:424)
	at org.openqa.selenium.By$ByXPath.findElement(By.java:353)
	at org.openqa.selenium.remote.RemoteWebDriver.findElement(RemoteWebDriver.java:314)
	at org.openqa.selenium.support.pagefactory.DefaultElementLocator.findElement(DefaultElementLocator.java:69)
	at org.openqa.selenium.support.pagefactory.internal.LocatingElementHandler.invoke(LocatingElementHandler.java:38)
	at com.sun.proxy.$Proxy12.click(Unknown Source)
	at pages.DoingBusiness.clickOnDoingBusiness(DoingBusiness.java:24)
	at testBusiness.TestDoingBusiness.testDoingBusiness(TestDoingBusiness.java:18)
... Removed 34 stack frames
</div> <!-- stack-trace -->
                </div> <!-- method-content -->
              </div> <!-- method -->
            </div> <!-- main-panel-content rounded-window-bottom -->
          </div> <!-- suite-Surefire_suite-class-failed -->
          <div class="suite-Surefire_suite-class-failed">
            <div class="main-panel-header rounded-window-top">
              <img src="failed.png"/>
              <span class="class-name">testFareAndTolls.ScheduleTest</span>
            </div> <!-- main-panel-header rounded-window-top -->
            <div class="main-panel-content rounded-window-bottom">
              <div class="method">
                <div class="method-content">
                  <a name="testSchedule">
                  </a> <!-- testSchedule -->
                  <span class="method-name">testSchedule</span>
                  <div class="stack-trace">org.openqa.selenium.NoSuchElementException: no such element: Unable to locate element: {&quot;method&quot;:&quot;xpath&quot;,&quot;selector&quot;:&quot;//*[@id=&quot;menu-399-1&quot;]/a&quot;}
  (Session info: chrome=69.0.3497.100)
  (Driver info: chromedriver=2.42.591088 (7b2b2dca23cca0862f674758c9a3933e685c27d5),platform=Windows NT 10.0.17134 x86_64) (WARNING: The server did not provide any stacktrace information)
Command duration or timeout: 0 milliseconds
For documentation on this error, please visit: http://seleniumhq.org/exceptions/no_such_element.html
Build info: version: &apos;3.14.0&apos;, revision: &apos;aacccce0&apos;, time: &apos;2018-08-02T20:19:58.91Z&apos;
System info: host: &apos;FAHIM-AHMED-198&apos;, ip: &apos;192.168.141.1&apos;, os.name: &apos;Windows 10&apos;, os.arch: &apos;amd64&apos;, os.version: &apos;10.0&apos;, java.version: &apos;1.8.0_181&apos;
Driver info: org.openqa.selenium.chrome.ChromeDriver
Capabilities {acceptInsecureCerts: false, acceptSslCerts: false, applicationCacheEnabled: false, browserConnectionEnabled: false, browserName: chrome, chrome: {chromedriverVersion: 2.42.591088 (7b2b2dca23cca0..., userDataDir: C:\Users\Owner\AppData\Loca...}, cssSelectorsEnabled: true, databaseEnabled: false, goog:chromeOptions: {debuggerAddress: localhost:60866}, handlesAlerts: true, hasTouchScreen: false, javascriptEnabled: true, locationContextEnabled: true, mobileEmulationEnabled: false, nativeEvents: true, networkConnectionEnabled: false, pageLoadStrategy: normal, platform: XP, platformName: XP, rotatable: false, setWindowRect: true, takesHeapSnapshot: true, takesScreenshot: true, unexpectedAlertBehaviour: , unhandledPromptBehavior: , version: 69.0.3497.100, webStorageEnabled: true}
Session ID: 58c6c56a7169ba7f61f8455eb75235dd
*** Element info: {Using=xpath, value=//*[@id=&quot;menu-399-1&quot;]/a}
	at org.openqa.selenium.remote.ErrorHandler.createThrowable(ErrorHandler.java:214)
	at org.openqa.selenium.remote.ErrorHandler.throwIfResponseFailed(ErrorHandler.java:166)
	at org.openqa.selenium.remote.http.JsonHttpResponseCodec.reconstructValue(JsonHttpResponseCodec.java:40)
	at org.openqa.selenium.remote.http.AbstractHttpResponseCodec.decode(AbstractHttpResponseCodec.java:80)
	at org.openqa.selenium.remote.http.AbstractHttpResponseCodec.decode(AbstractHttpResponseCodec.java:44)
	at org.openqa.selenium.remote.HttpCommandExecutor.execute(HttpCommandExecutor.java:158)
	at org.openqa.selenium.remote.service.DriverCommandExecutor.execute(DriverCommandExecutor.java:83)
	at org.openqa.selenium.remote.RemoteWebDriver.execute(RemoteWebDriver.java:548)
	at org.openqa.selenium.remote.RemoteWebDriver.findElement(RemoteWebDriver.java:322)
	at org.openqa.selenium.remote.RemoteWebDriver.findElementByXPath(RemoteWebDriver.java:424)
	at org.openqa.selenium.By$ByXPath.findElement(By.java:353)
	at org.openqa.selenium.remote.RemoteWebDriver.findElement(RemoteWebDriver.java:314)
	at pages.Schedule.clickOnSchedule(Schedule.java:19)
	at testFareAndTolls.ScheduleTest.testSchedule(ScheduleTest.java:19)
... Removed 34 stack frames
</div> <!-- stack-trace -->
                </div> <!-- method-content -->
              </div> <!-- method -->
              <div class="method">
                <div class="method-content">
                  <a name="testStatenIslands">
                  </a> <!-- testStatenIslands -->
                  <span class="method-name">testStatenIslands</span>
                  <div class="stack-trace">org.openqa.selenium.NoSuchElementException: no such element: Unable to locate element: {&quot;method&quot;:&quot;xpath&quot;,&quot;selector&quot;:&quot;//*[@id=&quot;menu-399-1&quot;]/a&quot;}
  (Session info: chrome=69.0.3497.100)
  (Driver info: chromedriver=2.42.591088 (7b2b2dca23cca0862f674758c9a3933e685c27d5),platform=Windows NT 10.0.17134 x86_64) (WARNING: The server did not provide any stacktrace information)
Command duration or timeout: 0 milliseconds
For documentation on this error, please visit: http://seleniumhq.org/exceptions/no_such_element.html
Build info: version: &apos;3.14.0&apos;, revision: &apos;aacccce0&apos;, time: &apos;2018-08-02T20:19:58.91Z&apos;
System info: host: &apos;FAHIM-AHMED-198&apos;, ip: &apos;192.168.141.1&apos;, os.name: &apos;Windows 10&apos;, os.arch: &apos;amd64&apos;, os.version: &apos;10.0&apos;, java.version: &apos;1.8.0_181&apos;
Driver info: org.openqa.selenium.chrome.ChromeDriver
Capabilities {acceptInsecureCerts: false, acceptSslCerts: false, applicationCacheEnabled: false, browserConnectionEnabled: false, browserName: chrome, chrome: {chromedriverVersion: 2.42.591088 (7b2b2dca23cca0..., userDataDir: C:\Users\Owner\AppData\Loca...}, cssSelectorsEnabled: true, databaseEnabled: false, goog:chromeOptions: {debuggerAddress: localhost:60906}, handlesAlerts: true, hasTouchScreen: false, javascriptEnabled: true, locationContextEnabled: true, mobileEmulationEnabled: false, nativeEvents: true, networkConnectionEnabled: false, pageLoadStrategy: normal, platform: XP, platformName: XP, rotatable: false, setWindowRect: true, takesHeapSnapshot: true, takesScreenshot: true, unexpectedAlertBehaviour: , unhandledPromptBehavior: , version: 69.0.3497.100, webStorageEnabled: true}
Session ID: 28347e9b6723314b4daba765bd6ca110
*** Element info: {Using=xpath, value=//*[@id=&quot;menu-399-1&quot;]/a}
	at org.openqa.selenium.remote.ErrorHandler.createThrowable(ErrorHandler.java:214)
	at org.openqa.selenium.remote.ErrorHandler.throwIfResponseFailed(ErrorHandler.java:166)
	at org.openqa.selenium.remote.http.JsonHttpResponseCodec.reconstructValue(JsonHttpResponseCodec.java:40)
	at org.openqa.selenium.remote.http.AbstractHttpResponseCodec.decode(AbstractHttpResponseCodec.java:80)
	at org.openqa.selenium.remote.http.AbstractHttpResponseCodec.decode(AbstractHttpResponseCodec.java:44)
	at org.openqa.selenium.remote.HttpCommandExecutor.execute(HttpCommandExecutor.java:158)
	at org.openqa.selenium.remote.service.DriverCommandExecutor.execute(DriverCommandExecutor.java:83)
	at org.openqa.selenium.remote.RemoteWebDriver.execute(RemoteWebDriver.java:548)
	at org.openqa.selenium.remote.RemoteWebDriver.findElement(RemoteWebDriver.java:322)
	at org.openqa.selenium.remote.RemoteWebDriver.findElementByXPath(RemoteWebDriver.java:424)
	at org.openqa.selenium.By$ByXPath.findElement(By.java:353)
	at org.openqa.selenium.remote.RemoteWebDriver.findElement(RemoteWebDriver.java:314)
	at pages.Schedule.clickOnSchedule(Schedule.java:19)
	at testFareAndTolls.ScheduleTest.testStatenIslands(ScheduleTest.java:24)
... Removed 34 stack frames
</div> <!-- stack-trace -->
                </div> <!-- method-content -->
              </div> <!-- method -->
            </div> <!-- main-panel-content rounded-window-bottom -->
          </div> <!-- suite-Surefire_suite-class-failed -->
          <div class="suite-Surefire_suite-class-failed">
            <div class="main-panel-header rounded-window-top">
              <img src="failed.png"/>
              <span class="class-name">serviceStatusHomePage.TestServiceStatus</span>
            </div> <!-- main-panel-header rounded-window-top -->
            <div class="main-panel-content rounded-window-bottom">
              <div class="method">
                <div class="method-content">
                  <a name="checkBridge">
                  </a> <!-- checkBridge -->
                  <span class="method-name">checkBridge</span>
                  <div class="stack-trace">java.lang.NullPointerException
	at pages.HomePage.clickOnBridge(HomePage.java:52)
	at serviceStatusHomePage.TestServiceStatus.checkBridge(TestServiceStatus.java:32)
... Removed 30 stack frames
</div> <!-- stack-trace -->
                </div> <!-- method-content -->
              </div> <!-- method -->
              <div class="method">
                <div class="method-content">
                  <a name="checkBusTab">
                  </a> <!-- checkBusTab -->
                  <span class="method-name">checkBusTab</span>
                  <div class="stack-trace">java.lang.NullPointerException
	at pages.HomePage.cickOnBus(HomePage.java:43)
	at serviceStatusHomePage.TestServiceStatus.checkBusTab(TestServiceStatus.java:27)
... Removed 30 stack frames
</div> <!-- stack-trace -->
                </div> <!-- method-content -->
              </div> <!-- method -->
              <div class="method">
                <div class="method-content">
                  <a name="testInputBox">
                  </a> <!-- testInputBox -->
                  <span class="method-name">testInputBox</span>
                  <div class="stack-trace">org.openqa.selenium.NoSuchElementException: no such element: Unable to locate element: {&quot;method&quot;:&quot;partial link text&quot;,&quot;selector&quot;:&quot;searchinputbox&quot;}
  (Session info: chrome=69.0.3497.100)
  (Driver info: chromedriver=2.42.591088 (7b2b2dca23cca0862f674758c9a3933e685c27d5),platform=Windows NT 10.0.17134 x86_64) (WARNING: The server did not provide any stacktrace information)
Command duration or timeout: 0 milliseconds
For documentation on this error, please visit: http://seleniumhq.org/exceptions/no_such_element.html
Build info: version: &apos;3.14.0&apos;, revision: &apos;aacccce0&apos;, time: &apos;2018-08-02T20:19:58.91Z&apos;
System info: host: &apos;FAHIM-AHMED-198&apos;, ip: &apos;192.168.141.1&apos;, os.name: &apos;Windows 10&apos;, os.arch: &apos;amd64&apos;, os.version: &apos;10.0&apos;, java.version: &apos;1.8.0_181&apos;
Driver info: org.openqa.selenium.chrome.ChromeDriver
Capabilities {acceptInsecureCerts: false, acceptSslCerts: false, applicationCacheEnabled: false, browserConnectionEnabled: false, browserName: chrome, chrome: {chromedriverVersion: 2.42.591088 (7b2b2dca23cca0..., userDataDir: C:\Users\Owner\AppData\Loca...}, cssSelectorsEnabled: true, databaseEnabled: false, goog:chromeOptions: {debuggerAddress: localhost:60197}, handlesAlerts: true, hasTouchScreen: false, javascriptEnabled: true, locationContextEnabled: true, mobileEmulationEnabled: false, nativeEvents: true, networkConnectionEnabled: false, pageLoadStrategy: normal, platform: XP, platformName: XP, rotatable: false, setWindowRect: true, takesHeapSnapshot: true, takesScreenshot: true, unexpectedAlertBehaviour: , unhandledPromptBehavior: , version: 69.0.3497.100, webStorageEnabled: true}
Session ID: c7319a67a700b55fa2554c5e5f3aa31b
*** Element info: {Using=partial link text, value=searchinputbox}
	at org.openqa.selenium.remote.ErrorHandler.createThrowable(ErrorHandler.java:214)
	at org.openqa.selenium.remote.ErrorHandler.throwIfResponseFailed(ErrorHandler.java:166)
	at org.openqa.selenium.remote.http.JsonHttpResponseCodec.reconstructValue(JsonHttpResponseCodec.java:40)
	at org.openqa.selenium.remote.http.AbstractHttpResponseCodec.decode(AbstractHttpResponseCodec.java:80)
	at org.openqa.selenium.remote.http.AbstractHttpResponseCodec.decode(AbstractHttpResponseCodec.java:44)
	at org.openqa.selenium.remote.HttpCommandExecutor.execute(HttpCommandExecutor.java:158)
	at org.openqa.selenium.remote.service.DriverCommandExecutor.execute(DriverCommandExecutor.java:83)
	at org.openqa.selenium.remote.RemoteWebDriver.execute(RemoteWebDriver.java:548)
	at org.openqa.selenium.remote.RemoteWebDriver.findElement(RemoteWebDriver.java:322)
	at org.openqa.selenium.remote.RemoteWebDriver.findElementByPartialLinkText(RemoteWebDriver.java:384)
	at org.openqa.selenium.By$ByPartialLinkText.findElement(By.java:250)
	at org.openqa.selenium.remote.RemoteWebDriver.findElement(RemoteWebDriver.java:314)
	at pages.HomePage.searchInput(HomePage.java:47)
	at serviceStatusHomePage.TestServiceStatus.testInputBox(TestServiceStatus.java:37)
... Removed 34 stack frames
</div> <!-- stack-trace -->
                </div> <!-- method-content -->
              </div> <!-- method -->
            </div> <!-- main-panel-content rounded-window-bottom -->
          </div> <!-- suite-Surefire_suite-class-failed -->
          <div class="suite-Surefire_suite-class-failed">
            <div class="main-panel-header rounded-window-top">
              <img src="failed.png"/>
              <span class="class-name">databaseTest.TestMongoDB</span>
            </div> <!-- main-panel-header rounded-window-top -->
            <div class="main-panel-content rounded-window-bottom">
              <div class="method">
                <div class="method-content">
                  <a name="insertLanguageListTest">
                  </a> <!-- insertLanguageListTest -->
                  <span class="method-name">insertLanguageListTest</span>
                  <div class="stack-trace">com.mongodb.MongoTimeoutException: Timed out after 30000 ms while waiting for a server that matches ReadPreferenceServerSelector{readPreference=primary}. Client view of cluster state is {type=UNKNOWN, servers=[{address=127.0.0.1:27017, type=UNKNOWN, state=CONNECTING, exception={com.mongodb.MongoSocketOpenException: Exception opening socket}, caused by {java.net.ConnectException: Connection refused: connect}}]
	at com.mongodb.connection.BaseCluster.createTimeoutException(BaseCluster.java:375)
	at com.mongodb.connection.BaseCluster.selectServer(BaseCluster.java:104)
	at com.mongodb.binding.ClusterBinding$ClusterBindingConnectionSource.&lt;init&gt;(ClusterBinding.java:75)
	at com.mongodb.binding.ClusterBinding$ClusterBindingConnectionSource.&lt;init&gt;(ClusterBinding.java:71)
	at com.mongodb.binding.ClusterBinding.getReadConnectionSource(ClusterBinding.java:63)
	at com.mongodb.operation.OperationHelper.withConnection(OperationHelper.java:400)
	at com.mongodb.operation.ListCollectionsOperation.execute(ListCollectionsOperation.java:173)
	at com.mongodb.operation.ListCollectionsOperation.execute(ListCollectionsOperation.java:81)
	at com.mongodb.Mongo.execute(Mongo.java:811)
	at com.mongodb.Mongo$2.execute(Mongo.java:798)
	at com.mongodb.OperationIterable.iterator(OperationIterable.java:47)
	at com.mongodb.OperationIterable.forEach(OperationIterable.java:70)
	at com.mongodb.ListCollectionsIterableImpl.forEach(ListCollectionsIterableImpl.java:91)
	at com.mongodb.MappingIterable.forEach(MappingIterable.java:50)
	at com.mongodb.MappingIterable.into(MappingIterable.java:60)
	at databases.ConnectToMongoDB.insertIntoMongoDB(ConnectToMongoDB.java:30)
	at pages.DatabaseData.inserDataIntoDatabase(DatabaseData.java:32)
	at databaseTest.TestMongoDB.insertLanguageListTest(TestMongoDB.java:23)
... Removed 30 stack frames
</div> <!-- stack-trace -->
                </div> <!-- method-content -->
              </div> <!-- method -->
              <div class="method">
                <div class="method-content">
                  <a name="readDataTest">
                  </a> <!-- readDataTest -->
                  <span class="method-name">readDataTest</span>
                  <div class="stack-trace">com.mongodb.MongoTimeoutException: Timed out after 30000 ms while waiting for a server that matches ReadPreferenceServerSelector{readPreference=primary}. Client view of cluster state is {type=UNKNOWN, servers=[{address=127.0.0.1:27017, type=UNKNOWN, state=CONNECTING, exception={com.mongodb.MongoSocketOpenException: Exception opening socket}, caused by {java.net.ConnectException: Connection refused: connect}}]
	at com.mongodb.connection.BaseCluster.createTimeoutException(BaseCluster.java:375)
	at com.mongodb.connection.BaseCluster.selectServer(BaseCluster.java:104)
	at com.mongodb.binding.ClusterBinding$ClusterBindingConnectionSource.&lt;init&gt;(ClusterBinding.java:75)
	at com.mongodb.binding.ClusterBinding$ClusterBindingConnectionSource.&lt;init&gt;(ClusterBinding.java:71)
	at com.mongodb.binding.ClusterBinding.getReadConnectionSource(ClusterBinding.java:63)
	at com.mongodb.operation.OperationHelper.withConnection(OperationHelper.java:400)
	at com.mongodb.operation.FindOperation.execute(FindOperation.java:709)
	at com.mongodb.operation.FindOperation.execute(FindOperation.java:81)
	at com.mongodb.Mongo.execute(Mongo.java:811)
	at com.mongodb.Mongo$2.execute(Mongo.java:798)
	at com.mongodb.OperationIterable.iterator(OperationIterable.java:47)
	at com.mongodb.FindIterableImpl.iterator(FindIterableImpl.java:200)
	at databases.ConnectToMongoDB.readLanguageListFromMongoDB(ConnectToMongoDB.java:48)
	at pages.DatabaseData.readData(DatabaseData.java:36)
	at databaseTest.TestMongoDB.readDataTest(TestMongoDB.java:28)
... Removed 30 stack frames
</div> <!-- stack-trace -->
                </div> <!-- method-content -->
              </div> <!-- method -->
            </div> <!-- main-panel-content rounded-window-bottom -->
          </div> <!-- suite-Surefire_suite-class-failed -->
          <div class="suite-Surefire_suite-class-failed">
            <div class="main-panel-header rounded-window-top">
              <img src="failed.png"/>
              <span class="class-name">serviceStatusHomePage.TestTripPlanner</span>
            </div> <!-- main-panel-header rounded-window-top -->
            <div class="main-panel-content rounded-window-bottom">
              <div class="method">
                <div class="method-content">
                  <a name="testForm">
                  </a> <!-- testForm -->
                  <span class="method-name">testForm</span>
                  <div class="stack-trace">org.openqa.selenium.WebDriverException: unknown error: Element &lt;input id=&quot;xmodeX&quot; name=&quot;xmodeX&quot; type=&quot;checkbox&quot; value=&quot;X&quot;&gt; is not clickable at point (1100, 406). Other element would receive the click: &lt;div class=&quot;ui-datepicker-title&quot;&gt;...&lt;/div&gt;
  (Session info: chrome=69.0.3497.100)
  (Driver info: chromedriver=2.42.591088 (7b2b2dca23cca0862f674758c9a3933e685c27d5),platform=Windows NT 10.0.17134 x86_64) (WARNING: The server did not provide any stacktrace information)
Command duration or timeout: 0 milliseconds
Build info: version: &apos;3.14.0&apos;, revision: &apos;aacccce0&apos;, time: &apos;2018-08-02T20:19:58.91Z&apos;
System info: host: &apos;FAHIM-AHMED-198&apos;, ip: &apos;192.168.141.1&apos;, os.name: &apos;Windows 10&apos;, os.arch: &apos;amd64&apos;, os.version: &apos;10.0&apos;, java.version: &apos;1.8.0_181&apos;
Driver info: org.openqa.selenium.chrome.ChromeDriver
Capabilities {acceptInsecureCerts: false, acceptSslCerts: false, applicationCacheEnabled: false, browserConnectionEnabled: false, browserName: chrome, chrome: {chromedriverVersion: 2.42.591088 (7b2b2dca23cca0..., userDataDir: C:\Users\Owner\AppData\Loca...}, cssSelectorsEnabled: true, databaseEnabled: false, goog:chromeOptions: {debuggerAddress: localhost:60584}, handlesAlerts: true, hasTouchScreen: false, javascriptEnabled: true, locationContextEnabled: true, mobileEmulationEnabled: false, nativeEvents: true, networkConnectionEnabled: false, pageLoadStrategy: normal, platform: XP, platformName: XP, rotatable: false, setWindowRect: true, takesHeapSnapshot: true, takesScreenshot: true, unexpectedAlertBehaviour: , unhandledPromptBehavior: , version: 69.0.3497.100, webStorageEnabled: true}
Session ID: 66bbca951a852e4cdc0903a34084a287
	at org.openqa.selenium.remote.ErrorHandler.createThrowable(ErrorHandler.java:214)
	at org.openqa.selenium.remote.ErrorHandler.throwIfResponseFailed(ErrorHandler.java:166)
	at org.openqa.selenium.remote.http.JsonHttpResponseCodec.reconstructValue(JsonHttpResponseCodec.java:40)
	at org.openqa.selenium.remote.http.AbstractHttpResponseCodec.decode(AbstractHttpResponseCodec.java:80)
	at org.openqa.selenium.remote.http.AbstractHttpResponseCodec.decode(AbstractHttpResponseCodec.java:44)
	at org.openqa.selenium.remote.HttpCommandExecutor.execute(HttpCommandExecutor.java:158)
	at org.openqa.selenium.remote.service.DriverCommandExecutor.execute(DriverCommandExecutor.java:83)
	at org.openqa.selenium.remote.RemoteWebDriver.execute(RemoteWebDriver.java:548)
	at org.openqa.selenium.remote.RemoteWebElement.execute(RemoteWebElement.java:276)
	at org.openqa.selenium.remote.RemoteWebElement.click(RemoteWebElement.java:83)
	at pages.TripsPlanner.fillOutForm(TripsPlanner.java:40)
	at serviceStatusHomePage.TestTripPlanner.testForm(TestTripPlanner.java:22)
... Removed 34 stack frames
</div> <!-- stack-trace -->
                </div> <!-- method-content -->
              </div> <!-- method -->
            </div> <!-- main-panel-content rounded-window-bottom -->
          </div> <!-- suite-Surefire_suite-class-failed -->
          <div class="suite-Surefire_suite-class-failed">
            <div class="main-panel-header rounded-window-top">
              <img src="failed.png"/>
              <span class="class-name">serviceStatusHomePage.TestPlannedService</span>
            </div> <!-- main-panel-header rounded-window-top -->
            <div class="main-panel-content rounded-window-bottom">
              <div class="method">
                <div class="method-content">
                  <a name="TestPlan">
                  </a> <!-- TestPlan -->
                  <span class="method-name">TestPlan</span>
                  <div class="stack-trace">org.openqa.selenium.StaleElementReferenceException: stale element reference: element is not attached to the page document
  (Session info: chrome=69.0.3497.100)
  (Driver info: chromedriver=2.42.591088 (7b2b2dca23cca0862f674758c9a3933e685c27d5),platform=Windows NT 10.0.17134 x86_64) (WARNING: The server did not provide any stacktrace information)
Command duration or timeout: 0 milliseconds
For documentation on this error, please visit: http://seleniumhq.org/exceptions/stale_element_reference.html
Build info: version: &apos;3.14.0&apos;, revision: &apos;aacccce0&apos;, time: &apos;2018-08-02T20:19:58.91Z&apos;
System info: host: &apos;FAHIM-AHMED-198&apos;, ip: &apos;192.168.141.1&apos;, os.name: &apos;Windows 10&apos;, os.arch: &apos;amd64&apos;, os.version: &apos;10.0&apos;, java.version: &apos;1.8.0_181&apos;
Driver info: org.openqa.selenium.chrome.ChromeDriver
Capabilities {acceptInsecureCerts: false, acceptSslCerts: false, applicationCacheEnabled: false, browserConnectionEnabled: false, browserName: chrome, chrome: {chromedriverVersion: 2.42.591088 (7b2b2dca23cca0..., userDataDir: C:\Users\Owner\AppData\Loca...}, cssSelectorsEnabled: true, databaseEnabled: false, goog:chromeOptions: {debuggerAddress: localhost:59860}, handlesAlerts: true, hasTouchScreen: false, javascriptEnabled: true, locationContextEnabled: true, mobileEmulationEnabled: false, nativeEvents: true, networkConnectionEnabled: false, pageLoadStrategy: normal, platform: XP, platformName: XP, rotatable: false, setWindowRect: true, takesHeapSnapshot: true, takesScreenshot: true, unexpectedAlertBehaviour: , unhandledPromptBehavior: , version: 69.0.3497.100, webStorageEnabled: true}
Session ID: f299414802e9a1aa91608d56f92c258b
	at org.openqa.selenium.remote.ErrorHandler.createThrowable(ErrorHandler.java:214)
	at org.openqa.selenium.remote.ErrorHandler.throwIfResponseFailed(ErrorHandler.java:166)
	at org.openqa.selenium.remote.http.JsonHttpResponseCodec.reconstructValue(JsonHttpResponseCodec.java:40)
	at org.openqa.selenium.remote.http.AbstractHttpResponseCodec.decode(AbstractHttpResponseCodec.java:80)
	at org.openqa.selenium.remote.http.AbstractHttpResponseCodec.decode(AbstractHttpResponseCodec.java:44)
	at org.openqa.selenium.remote.HttpCommandExecutor.execute(HttpCommandExecutor.java:158)
	at org.openqa.selenium.remote.service.DriverCommandExecutor.execute(DriverCommandExecutor.java:83)
	at org.openqa.selenium.remote.RemoteWebDriver.execute(RemoteWebDriver.java:548)
	at org.openqa.selenium.remote.RemoteWebElement.execute(RemoteWebElement.java:276)
	at org.openqa.selenium.remote.RemoteWebElement.getText(RemoteWebElement.java:160)
	at pages.PlannedServiceChange.getPlan(PlannedServiceChange.java:20)
	at serviceStatusHomePage.TestPlannedService.TestPlan(TestPlannedService.java:17)
... Removed 34 stack frames
</div> <!-- stack-trace -->
                </div> <!-- method-content -->
              </div> <!-- method -->
              <div class="method">
                <div class="method-content">
                  <a name="textPlanTest">
                  </a> <!-- textPlanTest -->
                  <span class="method-name">textPlanTest</span>
                  <div class="stack-trace">org.openqa.selenium.NoSuchElementException: no such element: Unable to locate element: {&quot;method&quot;:&quot;xpath&quot;,&quot;selector&quot;:&quot;//img[@src=&apos;/nyct/images/TransitTrax_logo.jpg&apos;]&quot;}
  (Session info: chrome=69.0.3497.100)
  (Driver info: chromedriver=2.42.591088 (7b2b2dca23cca0862f674758c9a3933e685c27d5),platform=Windows NT 10.0.17134 x86_64) (WARNING: The server did not provide any stacktrace information)
Command duration or timeout: 0 milliseconds
For documentation on this error, please visit: http://seleniumhq.org/exceptions/no_such_element.html
Build info: version: &apos;3.14.0&apos;, revision: &apos;aacccce0&apos;, time: &apos;2018-08-02T20:19:58.91Z&apos;
System info: host: &apos;FAHIM-AHMED-198&apos;, ip: &apos;192.168.141.1&apos;, os.name: &apos;Windows 10&apos;, os.arch: &apos;amd64&apos;, os.version: &apos;10.0&apos;, java.version: &apos;1.8.0_181&apos;
Driver info: org.openqa.selenium.chrome.ChromeDriver
Capabilities {acceptInsecureCerts: false, acceptSslCerts: false, applicationCacheEnabled: false, browserConnectionEnabled: false, browserName: chrome, chrome: {chromedriverVersion: 2.42.591088 (7b2b2dca23cca0..., userDataDir: C:\Users\Owner\AppData\Loca...}, cssSelectorsEnabled: true, databaseEnabled: false, goog:chromeOptions: {debuggerAddress: localhost:59946}, handlesAlerts: true, hasTouchScreen: false, javascriptEnabled: true, locationContextEnabled: true, mobileEmulationEnabled: false, nativeEvents: true, networkConnectionEnabled: false, pageLoadStrategy: normal, platform: XP, platformName: XP, rotatable: false, setWindowRect: true, takesHeapSnapshot: true, takesScreenshot: true, unexpectedAlertBehaviour: , unhandledPromptBehavior: , version: 69.0.3497.100, webStorageEnabled: true}
Session ID: a0f452f2b38ab929d1ddaf39f0612c47
*** Element info: {Using=xpath, value=//img[@src=&apos;/nyct/images/TransitTrax_logo.jpg&apos;]}
	at org.openqa.selenium.remote.ErrorHandler.createThrowable(ErrorHandler.java:214)
	at org.openqa.selenium.remote.ErrorHandler.throwIfResponseFailed(ErrorHandler.java:166)
	at org.openqa.selenium.remote.http.JsonHttpResponseCodec.reconstructValue(JsonHttpResponseCodec.java:40)
	at org.openqa.selenium.remote.http.AbstractHttpResponseCodec.decode(AbstractHttpResponseCodec.java:80)
	at org.openqa.selenium.remote.http.AbstractHttpResponseCodec.decode(AbstractHttpResponseCodec.java:44)
	at org.openqa.selenium.remote.HttpCommandExecutor.execute(HttpCommandExecutor.java:158)
	at org.openqa.selenium.remote.service.DriverCommandExecutor.execute(DriverCommandExecutor.java:83)
	at org.openqa.selenium.remote.RemoteWebDriver.execute(RemoteWebDriver.java:548)
	at org.openqa.selenium.remote.RemoteWebDriver.findElement(RemoteWebDriver.java:322)
	at org.openqa.selenium.remote.RemoteWebDriver.findElementByXPath(RemoteWebDriver.java:424)
	at org.openqa.selenium.By$ByXPath.findElement(By.java:353)
	at org.openqa.selenium.remote.RemoteWebDriver.findElement(RemoteWebDriver.java:314)
	at base.CommonAPI.getTextByXpath(CommonAPI.java:267)
	at pages.PlannedServiceChange.textPlan(PlannedServiceChange.java:24)
	at serviceStatusHomePage.TestPlannedService.textPlanTest(TestPlannedService.java:22)
... Removed 34 stack frames
</div> <!-- stack-trace -->
                </div> <!-- method-content -->
              </div> <!-- method -->
            </div> <!-- main-panel-content rounded-window-bottom -->
          </div> <!-- suite-Surefire_suite-class-failed -->
          <div class="suite-Surefire_suite-class-failed">
            <div class="main-panel-header rounded-window-top">
              <img src="failed.png"/>
              <span class="class-name">testMtaInfo.TestMtaInfo</span>
            </div> <!-- main-panel-header rounded-window-top -->
            <div class="main-panel-content rounded-window-bottom">
              <div class="method">
                <div class="method-content">
                  <a name="AboutMtaTest">
                  </a> <!-- AboutMtaTest -->
                  <span class="method-name">AboutMtaTest</span>
                  <div class="stack-trace">org.openqa.selenium.NoSuchElementException: no such element: Unable to locate element: {&quot;method&quot;:&quot;xpath&quot;,&quot;selector&quot;:&quot;//a[contains(text(),&apos;MTA Info&apos;)]&quot;}
  (Session info: chrome=69.0.3497.100)
  (Driver info: chromedriver=2.42.591088 (7b2b2dca23cca0862f674758c9a3933e685c27d5),platform=Windows NT 10.0.17134 x86_64) (WARNING: The server did not provide any stacktrace information)
Command duration or timeout: 0 milliseconds
For documentation on this error, please visit: http://seleniumhq.org/exceptions/no_such_element.html
Build info: version: &apos;3.14.0&apos;, revision: &apos;aacccce0&apos;, time: &apos;2018-08-02T20:19:58.91Z&apos;
System info: host: &apos;FAHIM-AHMED-198&apos;, ip: &apos;192.168.141.1&apos;, os.name: &apos;Windows 10&apos;, os.arch: &apos;amd64&apos;, os.version: &apos;10.0&apos;, java.version: &apos;1.8.0_181&apos;
Driver info: org.openqa.selenium.chrome.ChromeDriver
Capabilities {acceptInsecureCerts: false, acceptSslCerts: false, applicationCacheEnabled: false, browserConnectionEnabled: false, browserName: chrome, chrome: {chromedriverVersion: 2.42.591088 (7b2b2dca23cca0..., userDataDir: C:\Users\Owner\AppData\Loca...}, cssSelectorsEnabled: true, databaseEnabled: false, goog:chromeOptions: {debuggerAddress: localhost:60942}, handlesAlerts: true, hasTouchScreen: false, javascriptEnabled: true, locationContextEnabled: true, mobileEmulationEnabled: false, nativeEvents: true, networkConnectionEnabled: false, pageLoadStrategy: normal, platform: XP, platformName: XP, rotatable: false, setWindowRect: true, takesHeapSnapshot: true, takesScreenshot: true, unexpectedAlertBehaviour: , unhandledPromptBehavior: , version: 69.0.3497.100, webStorageEnabled: true}
Session ID: d6a01d2bb3188f8af21e29059607104a
*** Element info: {Using=xpath, value=//a[contains(text(),&apos;MTA Info&apos;)]}
	at org.openqa.selenium.remote.ErrorHandler.createThrowable(ErrorHandler.java:214)
	at org.openqa.selenium.remote.ErrorHandler.throwIfResponseFailed(ErrorHandler.java:166)
	at org.openqa.selenium.remote.http.JsonHttpResponseCodec.reconstructValue(JsonHttpResponseCodec.java:40)
	at org.openqa.selenium.remote.http.AbstractHttpResponseCodec.decode(AbstractHttpResponseCodec.java:80)
	at org.openqa.selenium.remote.http.AbstractHttpResponseCodec.decode(AbstractHttpResponseCodec.java:44)
	at org.openqa.selenium.remote.HttpCommandExecutor.execute(HttpCommandExecutor.java:158)
	at org.openqa.selenium.remote.service.DriverCommandExecutor.execute(DriverCommandExecutor.java:83)
	at org.openqa.selenium.remote.RemoteWebDriver.execute(RemoteWebDriver.java:548)
	at org.openqa.selenium.remote.RemoteWebDriver.findElement(RemoteWebDriver.java:322)
	at org.openqa.selenium.remote.RemoteWebDriver.findElementByXPath(RemoteWebDriver.java:424)
	at org.openqa.selenium.By$ByXPath.findElement(By.java:353)
	at org.openqa.selenium.remote.RemoteWebDriver.findElement(RemoteWebDriver.java:314)
	at org.openqa.selenium.support.pagefactory.DefaultElementLocator.findElement(DefaultElementLocator.java:69)
	at org.openqa.selenium.support.pagefactory.internal.LocatingElementHandler.invoke(LocatingElementHandler.java:38)
	at com.sun.proxy.$Proxy12.click(Unknown Source)
	at pages.MtaInfo.aboutMta(MtaInfo.java:43)
	at testMtaInfo.TestMtaInfo.AboutMtaTest(TestMtaInfo.java:29)
... Removed 34 stack frames
</div> <!-- stack-trace -->
                </div> <!-- method-content -->
              </div> <!-- method -->
              <div class="method">
                <div class="method-content">
                  <a name="getMtaTitle">
                  </a> <!-- getMtaTitle -->
                  <span class="method-name">getMtaTitle</span>
                  <div class="stack-trace">org.openqa.selenium.NoSuchElementException: no such element: Unable to locate element: {&quot;method&quot;:&quot;xpath&quot;,&quot;selector&quot;:&quot;//a[contains(text(),&apos;MTA Info&apos;)]&quot;}
  (Session info: chrome=69.0.3497.100)
  (Driver info: chromedriver=2.42.591088 (7b2b2dca23cca0862f674758c9a3933e685c27d5),platform=Windows NT 10.0.17134 x86_64) (WARNING: The server did not provide any stacktrace information)
Command duration or timeout: 0 milliseconds
For documentation on this error, please visit: http://seleniumhq.org/exceptions/no_such_element.html
Build info: version: &apos;3.14.0&apos;, revision: &apos;aacccce0&apos;, time: &apos;2018-08-02T20:19:58.91Z&apos;
System info: host: &apos;FAHIM-AHMED-198&apos;, ip: &apos;192.168.141.1&apos;, os.name: &apos;Windows 10&apos;, os.arch: &apos;amd64&apos;, os.version: &apos;10.0&apos;, java.version: &apos;1.8.0_181&apos;
Driver info: org.openqa.selenium.chrome.ChromeDriver
Capabilities {acceptInsecureCerts: false, acceptSslCerts: false, applicationCacheEnabled: false, browserConnectionEnabled: false, browserName: chrome, chrome: {chromedriverVersion: 2.42.591088 (7b2b2dca23cca0..., userDataDir: C:\Users\Owner\AppData\Loca...}, cssSelectorsEnabled: true, databaseEnabled: false, goog:chromeOptions: {debuggerAddress: localhost:60982}, handlesAlerts: true, hasTouchScreen: false, javascriptEnabled: true, locationContextEnabled: true, mobileEmulationEnabled: false, nativeEvents: true, networkConnectionEnabled: false, pageLoadStrategy: normal, platform: XP, platformName: XP, rotatable: false, setWindowRect: true, takesHeapSnapshot: true, takesScreenshot: true, unexpectedAlertBehaviour: , unhandledPromptBehavior: , version: 69.0.3497.100, webStorageEnabled: true}
Session ID: 6f43a191eb84abf7e628a4ae8a312d49
*** Element info: {Using=xpath, value=//a[contains(text(),&apos;MTA Info&apos;)]}
	at org.openqa.selenium.remote.ErrorHandler.createThrowable(ErrorHandler.java:214)
	at org.openqa.selenium.remote.ErrorHandler.throwIfResponseFailed(ErrorHandler.java:166)
	at org.openqa.selenium.remote.http.JsonHttpResponseCodec.reconstructValue(JsonHttpResponseCodec.java:40)
	at org.openqa.selenium.remote.http.AbstractHttpResponseCodec.decode(AbstractHttpResponseCodec.java:80)
	at org.openqa.selenium.remote.http.AbstractHttpResponseCodec.decode(AbstractHttpResponseCodec.java:44)
	at org.openqa.selenium.remote.HttpCommandExecutor.execute(HttpCommandExecutor.java:158)
	at org.openqa.selenium.remote.service.DriverCommandExecutor.execute(DriverCommandExecutor.java:83)
	at org.openqa.selenium.remote.RemoteWebDriver.execute(RemoteWebDriver.java:548)
	at org.openqa.selenium.remote.RemoteWebDriver.findElement(RemoteWebDriver.java:322)
	at org.openqa.selenium.remote.RemoteWebDriver.findElementByXPath(RemoteWebDriver.java:424)
	at org.openqa.selenium.By$ByXPath.findElement(By.java:353)
	at org.openqa.selenium.remote.RemoteWebDriver.findElement(RemoteWebDriver.java:314)
	at org.openqa.selenium.support.pagefactory.DefaultElementLocator.findElement(DefaultElementLocator.java:69)
	at org.openqa.selenium.support.pagefactory.internal.LocatingElementHandler.invoke(LocatingElementHandler.java:38)
	at com.sun.proxy.$Proxy12.click(Unknown Source)
	at pages.MtaInfo.MtaTitle(MtaInfo.java:36)
	at testMtaInfo.TestMtaInfo.getMtaTitle(TestMtaInfo.java:23)
... Removed 34 stack frames
</div> <!-- stack-trace -->
                </div> <!-- method-content -->
              </div> <!-- method -->
              <div class="method">
                <div class="method-content">
                  <a name="testFinance">
                  </a> <!-- testFinance -->
                  <span class="method-name">testFinance</span>
                  <div class="stack-trace">org.openqa.selenium.NoSuchElementException: no such element: Unable to locate element: {&quot;method&quot;:&quot;xpath&quot;,&quot;selector&quot;:&quot;//a[contains(text(),&apos;MTA Info&apos;)]&quot;}
  (Session info: chrome=69.0.3497.100)
  (Driver info: chromedriver=2.42.591088 (7b2b2dca23cca0862f674758c9a3933e685c27d5),platform=Windows NT 10.0.17134 x86_64) (WARNING: The server did not provide any stacktrace information)
Command duration or timeout: 0 milliseconds
For documentation on this error, please visit: http://seleniumhq.org/exceptions/no_such_element.html
Build info: version: &apos;3.14.0&apos;, revision: &apos;aacccce0&apos;, time: &apos;2018-08-02T20:19:58.91Z&apos;
System info: host: &apos;FAHIM-AHMED-198&apos;, ip: &apos;192.168.141.1&apos;, os.name: &apos;Windows 10&apos;, os.arch: &apos;amd64&apos;, os.version: &apos;10.0&apos;, java.version: &apos;1.8.0_181&apos;
Driver info: org.openqa.selenium.chrome.ChromeDriver
Capabilities {acceptInsecureCerts: false, acceptSslCerts: false, applicationCacheEnabled: false, browserConnectionEnabled: false, browserName: chrome, chrome: {chromedriverVersion: 2.42.591088 (7b2b2dca23cca0..., userDataDir: C:\Users\Owner\AppData\Loca...}, cssSelectorsEnabled: true, databaseEnabled: false, goog:chromeOptions: {debuggerAddress: localhost:61023}, handlesAlerts: true, hasTouchScreen: false, javascriptEnabled: true, locationContextEnabled: true, mobileEmulationEnabled: false, nativeEvents: true, networkConnectionEnabled: false, pageLoadStrategy: normal, platform: XP, platformName: XP, rotatable: false, setWindowRect: true, takesHeapSnapshot: true, takesScreenshot: true, unexpectedAlertBehaviour: , unhandledPromptBehavior: , version: 69.0.3497.100, webStorageEnabled: true}
Session ID: 02a369d80c05d885e11abefa20815212
*** Element info: {Using=xpath, value=//a[contains(text(),&apos;MTA Info&apos;)]}
	at org.openqa.selenium.remote.ErrorHandler.createThrowable(ErrorHandler.java:214)
	at org.openqa.selenium.remote.ErrorHandler.throwIfResponseFailed(ErrorHandler.java:166)
	at org.openqa.selenium.remote.http.JsonHttpResponseCodec.reconstructValue(JsonHttpResponseCodec.java:40)
	at org.openqa.selenium.remote.http.AbstractHttpResponseCodec.decode(AbstractHttpResponseCodec.java:80)
	at org.openqa.selenium.remote.http.AbstractHttpResponseCodec.decode(AbstractHttpResponseCodec.java:44)
	at org.openqa.selenium.remote.HttpCommandExecutor.execute(HttpCommandExecutor.java:158)
	at org.openqa.selenium.remote.service.DriverCommandExecutor.execute(DriverCommandExecutor.java:83)
	at org.openqa.selenium.remote.RemoteWebDriver.execute(RemoteWebDriver.java:548)
	at org.openqa.selenium.remote.RemoteWebDriver.findElement(RemoteWebDriver.java:322)
	at org.openqa.selenium.remote.RemoteWebDriver.findElementByXPath(RemoteWebDriver.java:424)
	at org.openqa.selenium.By$ByXPath.findElement(By.java:353)
	at org.openqa.selenium.remote.RemoteWebDriver.findElement(RemoteWebDriver.java:314)
	at org.openqa.selenium.support.pagefactory.DefaultElementLocator.findElement(DefaultElementLocator.java:69)
	at org.openqa.selenium.support.pagefactory.internal.LocatingElementHandler.invoke(LocatingElementHandler.java:38)
	at com.sun.proxy.$Proxy12.click(Unknown Source)
	at pages.MtaInfo.aboutMta(MtaInfo.java:43)
	at testMtaInfo.TestMtaInfo.testFinance(TestMtaInfo.java:34)
... Removed 34 stack frames
</div> <!-- stack-trace -->
                </div> <!-- method-content -->
              </div> <!-- method -->
            </div> <!-- main-panel-content rounded-window-bottom -->
          </div> <!-- suite-Surefire_suite-class-failed -->
          <div class="suite-Surefire_suite-class-skipped">
            <div class="main-panel-header rounded-window-top">
              <img src="skipped.png"/>
              <span class="class-name">serviceStatusHomePage.TestTripPlanner</span>
            </div> <!-- main-panel-header rounded-window-top -->
            <div class="main-panel-content rounded-window-bottom">
              <div class="method">
                <div class="method-content">
                  <a name="testTripsPlannerService">
                  </a> <!-- testTripsPlannerService -->
                  <span class="method-name">testTripsPlannerService</span>
                  <div class="stack-trace">org.openqa.selenium.TimeoutException: timeout
  (Session info: chrome=69.0.3497.100)
  (Driver info: chromedriver=2.42.591088 (7b2b2dca23cca0862f674758c9a3933e685c27d5),platform=Windows NT 10.0.17134 x86_64) (WARNING: The server did not provide any stacktrace information)
Command duration or timeout: 0 milliseconds
Build info: version: &apos;3.14.0&apos;, revision: &apos;aacccce0&apos;, time: &apos;2018-08-02T20:19:58.91Z&apos;
System info: host: &apos;FAHIM-AHMED-198&apos;, ip: &apos;192.168.141.1&apos;, os.name: &apos;Windows 10&apos;, os.arch: &apos;amd64&apos;, os.version: &apos;10.0&apos;, java.version: &apos;1.8.0_181&apos;
Driver info: org.openqa.selenium.chrome.ChromeDriver
Capabilities {acceptInsecureCerts: false, acceptSslCerts: false, applicationCacheEnabled: false, browserConnectionEnabled: false, browserName: chrome, chrome: {chromedriverVersion: 2.42.591088 (7b2b2dca23cca0..., userDataDir: C:\Users\Owner\AppData\Loca...}, cssSelectorsEnabled: true, databaseEnabled: false, goog:chromeOptions: {debuggerAddress: localhost:60644}, handlesAlerts: true, hasTouchScreen: false, javascriptEnabled: true, locationContextEnabled: true, mobileEmulationEnabled: false, nativeEvents: true, networkConnectionEnabled: false, pageLoadStrategy: normal, platform: XP, platformName: XP, rotatable: false, setWindowRect: true, takesHeapSnapshot: true, takesScreenshot: true, unexpectedAlertBehaviour: , unhandledPromptBehavior: , version: 69.0.3497.100, webStorageEnabled: true}
Session ID: 0b5d54e99be2f98c34e0e0c4621fc359
	at org.openqa.selenium.remote.ErrorHandler.createThrowable(ErrorHandler.java:214)
	at org.openqa.selenium.remote.ErrorHandler.throwIfResponseFailed(ErrorHandler.java:166)
	at org.openqa.selenium.remote.http.JsonHttpResponseCodec.reconstructValue(JsonHttpResponseCodec.java:40)
	at org.openqa.selenium.remote.http.AbstractHttpResponseCodec.decode(AbstractHttpResponseCodec.java:80)
	at org.openqa.selenium.remote.http.AbstractHttpResponseCodec.decode(AbstractHttpResponseCodec.java:44)
	at org.openqa.selenium.remote.HttpCommandExecutor.execute(HttpCommandExecutor.java:158)
	at org.openqa.selenium.remote.service.DriverCommandExecutor.execute(DriverCommandExecutor.java:83)
	at org.openqa.selenium.remote.RemoteWebDriver.execute(RemoteWebDriver.java:548)
	at org.openqa.selenium.remote.RemoteWebDriver.get(RemoteWebDriver.java:276)
	at base.CommonAPI.setUp(CommonAPI.java:116)
... Removed 36 stack frames
</div> <!-- stack-trace -->
                </div> <!-- method-content -->
              </div> <!-- method -->
            </div> <!-- main-panel-content rounded-window-bottom -->
          </div> <!-- suite-Surefire_suite-class-skipped -->
          <div class="suite-Surefire_suite-class-passed">
            <div class="main-panel-header rounded-window-top">
              <img src="passed.png"/>
              <span class="class-name">kewwordTest.TestFeatures</span>
            </div> <!-- main-panel-header rounded-window-top -->
            <div class="main-panel-content rounded-window-bottom">
              <div class="method">
                <div class="method-content">
                  <a name="testSignInKeyWord">
                  </a> <!-- testSignInKeyWord -->
                  <span class="method-name">testSignInKeyWord</span>
                </div> <!-- method-content -->
              </div> <!-- method -->
              <div class="method">
                <div class="method-content">
                  <a name="testSignInithvalidIdAndPassword">
                  </a> <!-- testSignInithvalidIdAndPassword -->
                  <span class="method-name">testSignInithvalidIdAndPassword</span>
                </div> <!-- method-content -->
              </div> <!-- method -->
            </div> <!-- main-panel-content rounded-window-bottom -->
          </div> <!-- suite-Surefire_suite-class-passed -->
          <div class="suite-Surefire_suite-class-passed">
            <div class="main-panel-header rounded-window-top">
              <img src="passed.png"/>
              <span class="class-name">googleSheet.GoogleSheetPageTest</span>
            </div> <!-- main-panel-header rounded-window-top -->
            <div class="main-panel-content rounded-window-bottom">
              <div class="method">
                <div class="method-content">
                  <a name="dd">
                  </a> <!-- dd -->
                  <span class="method-name">dd</span>
                </div> <!-- method-content -->
              </div> <!-- method -->
              <div class="method">
                <div class="method-content">
                  <a name="testLogInByInvalidIdPassUsingGoogleSheet">
                  </a> <!-- testLogInByInvalidIdPassUsingGoogleSheet -->
                  <span class="method-name">testLogInByInvalidIdPassUsingGoogleSheet</span>
                </div> <!-- method-content -->
              </div> <!-- method -->
            </div> <!-- main-panel-content rounded-window-bottom -->
          </div> <!-- suite-Surefire_suite-class-passed -->
          <div class="suite-Surefire_suite-class-passed">
            <div class="main-panel-header rounded-window-top">
              <img src="passed.png"/>
              <span class="class-name">testXlSheet.TestHomePageMyMtaAlert</span>
            </div> <!-- main-panel-header rounded-window-top -->
            <div class="main-panel-content rounded-window-bottom">
              <div class="method">
                <div class="method-content">
                  <a name="signIn(Fahim1988, mun34119)">
                  </a> <!-- signIn(Fahim1988, mun34119) -->
                  <span class="method-name">signIn</span>
                  <span class="parameters">(Fahim1988, mun34119)</span>
                </div> <!-- method-content -->
              </div> <!-- method -->
              <div class="method">
                <div class="method-content">
                  <a name="signIn(Fahim, 12345.0)">
                  </a> <!-- signIn(Fahim, 12345.0) -->
                  <span class="method-name">signIn</span>
                  <span class="parameters">(Fahim, 12345.0)</span>
                </div> <!-- method-content -->
              </div> <!-- method -->
              <div class="method">
                <div class="method-content">
                  <a name="test">
                  </a> <!-- test -->
                  <span class="method-name">test</span>
                </div> <!-- method-content -->
              </div> <!-- method -->
              <div class="method">
                <div class="method-content">
                  <a name="testMymtaHomePage">
                  </a> <!-- testMymtaHomePage -->
                  <span class="method-name">testMymtaHomePage</span>
                </div> <!-- method-content -->
              </div> <!-- method -->
            </div> <!-- main-panel-content rounded-window-bottom -->
          </div> <!-- suite-Surefire_suite-class-passed -->
          <div class="suite-Surefire_suite-class-passed">
            <div class="main-panel-header rounded-window-top">
              <img src="passed.png"/>
              <span class="class-name">serviceStatusHomePage.TestServiceStatus</span>
            </div> <!-- main-panel-header rounded-window-top -->
            <div class="main-panel-content rounded-window-bottom">
              <div class="method">
                <div class="method-content">
                  <a name="checkServiceStatusComponents">
                  </a> <!-- checkServiceStatusComponents -->
                  <span class="method-name">checkServiceStatusComponents</span>
                </div> <!-- method-content -->
              </div> <!-- method -->
              <div class="method">
                <div class="method-content">
                  <a name="languageOptions">
                  </a> <!-- languageOptions -->
                  <span class="method-name">languageOptions</span>
                </div> <!-- method-content -->
              </div> <!-- method -->
            </div> <!-- main-panel-content rounded-window-bottom -->
          </div> <!-- suite-Surefire_suite-class-passed -->
          <div class="suite-Surefire_suite-class-passed">
            <div class="main-panel-header rounded-window-top">
              <img src="passed.png"/>
              <span class="class-name">Transperancy.TestTransperancy</span>
            </div> <!-- main-panel-header rounded-window-top -->
            <div class="main-panel-content rounded-window-bottom">
              <div class="method">
                <div class="method-content">
                  <a name="TestHovering">
                  </a> <!-- TestHovering -->
                  <span class="method-name">TestHovering</span>
                </div> <!-- method-content -->
              </div> <!-- method -->
              <div class="method">
                <div class="method-content">
                  <a name="testGetText">
                  </a> <!-- testGetText -->
                  <span class="method-name">testGetText</span>
                </div> <!-- method-content -->
              </div> <!-- method -->
              <div class="method">
                <div class="method-content">
                  <a name="testTransperancyHover">
                  </a> <!-- testTransperancyHover -->
                  <span class="method-name">testTransperancyHover</span>
                </div> <!-- method-content -->
              </div> <!-- method -->
            </div> <!-- main-panel-content rounded-window-bottom -->
          </div> <!-- suite-Surefire_suite-class-passed -->
          <div class="suite-Surefire_suite-class-passed">
            <div class="main-panel-header rounded-window-top">
              <img src="passed.png"/>
              <span class="class-name">serviceStatusHomePage.TestSpecialServiceNotice</span>
            </div> <!-- main-panel-header rounded-window-top -->
            <div class="main-panel-content rounded-window-bottom">
              <div class="method">
                <div class="method-content">
                  <a name="iFrameTest">
                  </a> <!-- iFrameTest -->
                  <span class="method-name">iFrameTest</span>
                </div> <!-- method-content -->
              </div> <!-- method -->
              <div class="method">
                <div class="method-content">
                  <a name="imageSizeTest">
                  </a> <!-- imageSizeTest -->
                  <span class="method-name">imageSizeTest</span>
                </div> <!-- method-content -->
              </div> <!-- method -->
              <div class="method">
                <div class="method-content">
                  <a name="st238Test">
                  </a> <!-- st238Test -->
                  <span class="method-name">st238Test</span>
                </div> <!-- method-content -->
              </div> <!-- method -->
            </div> <!-- main-panel-content rounded-window-bottom -->
          </div> <!-- suite-Surefire_suite-class-passed -->
          <div class="suite-Surefire_suite-class-passed">
            <div class="main-panel-header rounded-window-top">
              <img src="passed.png"/>
              <span class="class-name">serviceStatusHomePage.TestTripPlanner</span>
            </div> <!-- main-panel-header rounded-window-top -->
            <div class="main-panel-content rounded-window-bottom">
              <div class="method">
                <div class="method-content">
                  <a name="testArrival">
                  </a> <!-- testArrival -->
                  <span class="method-name">testArrival</span>
                </div> <!-- method-content -->
              </div> <!-- method -->
            </div> <!-- main-panel-content rounded-window-bottom -->
          </div> <!-- suite-Surefire_suite-class-passed -->
          <div class="suite-Surefire_suite-class-passed">
            <div class="main-panel-header rounded-window-top">
              <img src="passed.png"/>
              <span class="class-name">testMtaInfo.TestMtaInfo</span>
            </div> <!-- main-panel-header rounded-window-top -->
            <div class="main-panel-content rounded-window-bottom">
              <div class="method">
                <div class="method-content">
                  <a name="testMtaInfo">
                  </a> <!-- testMtaInfo -->
                  <span class="method-name">testMtaInfo</span>
                </div> <!-- method-content -->
              </div> <!-- method -->
              <div class="method">
                <div class="method-content">
                  <a name="testMtaPoliceSearch">
                  </a> <!-- testMtaPoliceSearch -->
                  <span class="method-name">testMtaPoliceSearch</span>
                </div> <!-- method-content -->
              </div> <!-- method -->
              <div class="method">
                <div class="method-content">
                  <a name="testMtaPoliceSearchBox">
                  </a> <!-- testMtaPoliceSearchBox -->
                  <span class="method-name">testMtaPoliceSearchBox</span>
                </div> <!-- method-content -->
              </div> <!-- method -->
              <div class="method">
                <div class="method-content">
                  <a name="testNavigate">
                  </a> <!-- testNavigate -->
                  <span class="method-name">testNavigate</span>
                </div> <!-- method-content -->
              </div> <!-- method -->
            </div> <!-- main-panel-content rounded-window-bottom -->
          </div> <!-- suite-Surefire_suite-class-passed -->
        </div> <!-- panel Surefire_suite -->
        <div panel-name="test-xml-Surefire_suite" class="panel">
          <div class="main-panel-header rounded-window-top">
          </div> <!-- main-panel-header rounded-window-top -->
          <div class="main-panel-content rounded-window-bottom">
            <pre>
&lt;?xml version=&quot;1.0&quot; encoding=&quot;UTF-8&quot;?&gt;
&lt;!DOCTYPE suite SYSTEM &quot;http://testng.org/testng-1.0.dtd&quot;&gt;
&lt;suite thread-count=&quot;1&quot; verbose=&quot;0&quot; name=&quot;Surefire suite&quot;&gt;
  &lt;test thread-count=&quot;1&quot; verbose=&quot;0&quot; name=&quot;Surefire test&quot;&gt;
    &lt;classes&gt;
      &lt;class name=&quot;databaseTest.TestMongoDB&quot;/&gt;
      &lt;class name=&quot;googleSheet.GoogleSheetPageTest&quot;/&gt;
      &lt;class name=&quot;kewwordTest.TestFeatures&quot;/&gt;
      &lt;class name=&quot;serviceStatusHomePage.TestPlannedService&quot;/&gt;
      &lt;class name=&quot;serviceStatusHomePage.TestServiceStatus&quot;/&gt;
      &lt;class name=&quot;serviceStatusHomePage.TestSpecialServiceNotice&quot;/&gt;
      &lt;class name=&quot;serviceStatusHomePage.TestTripPlanner&quot;/&gt;
      &lt;class name=&quot;testBusiness.TestDoingBusiness&quot;/&gt;
      &lt;class name=&quot;testFareAndTolls.ScheduleTest&quot;/&gt;
      &lt;class name=&quot;testMtaInfo.TestMtaInfo&quot;/&gt;
      &lt;class name=&quot;testXlSheet.TestHomePageMyMtaAlert&quot;/&gt;
      &lt;class name=&quot;Transperancy.TestTransperancy&quot;/&gt;
    &lt;/classes&gt;
  &lt;/test&gt; &lt;!-- Surefire test --&gt;
&lt;/suite&gt; &lt;!-- Surefire suite --&gt;
            </pre>
          </div> <!-- main-panel-content rounded-window-bottom -->
        </div> <!-- panel -->
        <div panel-name="testlist-Surefire_suite" class="panel">
          <div class="main-panel-header rounded-window-top">
            <span class="header-content">Tests for Surefire suite</span>
          </div> <!-- main-panel-header rounded-window-top -->
          <div class="main-panel-content rounded-window-bottom">
            <ul>
              <li>
                <span class="test-name">Surefire test (12 classes)</span>
              </li>
            </ul>
          </div> <!-- main-panel-content rounded-window-bottom -->
        </div> <!-- panel -->
        <div panel-name="group-Surefire_suite" class="panel">
          <div class="main-panel-header rounded-window-top">
            <span class="header-content">Groups for Surefire suite</span>
          </div> <!-- main-panel-header rounded-window-top -->
          <div class="main-panel-content rounded-window-bottom">
          </div> <!-- main-panel-content rounded-window-bottom -->
        </div> <!-- panel -->
        <div panel-name="times-Surefire_suite" class="panel">
          <div class="main-panel-header rounded-window-top">
            <span class="header-content">Times for Surefire suite</span>
          </div> <!-- main-panel-header rounded-window-top -->
          <div class="main-panel-content rounded-window-bottom">
            <div class="times-div">
              <script type="text/javascript">
suiteTableInitFunctions.push('tableData_Surefire_suite');
function tableData_Surefire_suite() {
var data = new google.visualization.DataTable();
data.addColumn('number', 'Number');
data.addColumn('string', 'Method');
data.addColumn('string', 'Class');
data.addColumn('number', 'Time (ms)');
data.addRows(39);
data.setCell(0, 0, 0)
data.setCell(0, 1, 'insertLanguageListTest')
data.setCell(0, 2, 'databaseTest.TestMongoDB')
data.setCell(0, 3, 30828);
data.setCell(1, 0, 1)
data.setCell(1, 1, 'readDataTest')
data.setCell(1, 2, 'databaseTest.TestMongoDB')
data.setCell(1, 3, 30137);
data.setCell(2, 0, 2)
data.setCell(2, 1, 'testLogInByInvalidIdPassUsingGoogleSheet')
data.setCell(2, 2, 'googleSheet.GoogleSheetPageTest')
data.setCell(2, 3, 17485);
data.setCell(3, 0, 3)
data.setCell(3, 1, 'testMtaPoliceSearchBox')
data.setCell(3, 2, 'testMtaInfo.TestMtaInfo')
data.setCell(3, 3, 10933);
data.setCell(4, 0, 4)
data.setCell(4, 1, 'testInputBox')
data.setCell(4, 2, 'serviceStatusHomePage.TestServiceStatus')
data.setCell(4, 3, 10103);
data.setCell(5, 0, 5)
data.setCell(5, 1, 'testStatenIslands')
data.setCell(5, 2, 'testFareAndTolls.ScheduleTest')
data.setCell(5, 3, 10075);
data.setCell(6, 0, 6)
data.setCell(6, 1, 'testBusinessItem')
data.setCell(6, 2, 'testBusiness.TestDoingBusiness')
data.setCell(6, 3, 10072);
data.setCell(7, 0, 7)
data.setCell(7, 1, 'testDoingBusiness')
data.setCell(7, 2, 'testBusiness.TestDoingBusiness')
data.setCell(7, 3, 10062);
data.setCell(8, 0, 8)
data.setCell(8, 1, 'getMtaTitle')
data.setCell(8, 2, 'testMtaInfo.TestMtaInfo')
data.setCell(8, 3, 10046);
data.setCell(9, 0, 9)
data.setCell(9, 1, 'AboutMtaTest')
data.setCell(9, 2, 'testMtaInfo.TestMtaInfo')
data.setCell(9, 3, 10036);
data.setCell(10, 0, 10)
data.setCell(10, 1, 'textPlanTest')
data.setCell(10, 2, 'serviceStatusHomePage.TestPlannedService')
data.setCell(10, 3, 10033);
data.setCell(11, 0, 11)
data.setCell(11, 1, 'testFinance')
data.setCell(11, 2, 'testMtaInfo.TestMtaInfo')
data.setCell(11, 3, 10025);
data.setCell(12, 0, 12)
data.setCell(12, 1, 'testSchedule')
data.setCell(12, 2, 'testFareAndTolls.ScheduleTest')
data.setCell(12, 3, 10024);
data.setCell(13, 0, 13)
data.setCell(13, 1, 'testBusinessTite')
data.setCell(13, 2, 'testBusiness.TestDoingBusiness')
data.setCell(13, 3, 10018);
data.setCell(14, 0, 14)
data.setCell(14, 1, 'testAdOnMtaCard')
data.setCell(14, 2, 'testBusiness.TestDoingBusiness')
data.setCell(14, 3, 10017);
data.setCell(15, 0, 15)
data.setCell(15, 1, 'testTransperancyHover')
data.setCell(15, 2, 'Transperancy.TestTransperancy')
data.setCell(15, 3, 8687);
data.setCell(16, 0, 16)
data.setCell(16, 1, 'testGetText')
data.setCell(16, 2, 'Transperancy.TestTransperancy')
data.setCell(16, 3, 7381);
data.setCell(17, 0, 17)
data.setCell(17, 1, 'test')
data.setCell(17, 2, 'testXlSheet.TestHomePageMyMtaAlert')
data.setCell(17, 3, 6172);
data.setCell(18, 0, 18)
data.setCell(18, 1, 'signIn')
data.setCell(18, 2, 'testXlSheet.TestHomePageMyMtaAlert')
data.setCell(18, 3, 5920);
data.setCell(19, 0, 19)
data.setCell(19, 1, 'testMtaPoliceSearch')
data.setCell(19, 2, 'testMtaInfo.TestMtaInfo')
data.setCell(19, 3, 5783);
data.setCell(20, 0, 20)
data.setCell(20, 1, 'signIn')
data.setCell(20, 2, 'testXlSheet.TestHomePageMyMtaAlert')
data.setCell(20, 3, 5660);
data.setCell(21, 0, 21)
data.setCell(21, 1, 'iFrameTest')
data.setCell(21, 2, 'serviceStatusHomePage.TestSpecialServiceNotice')
data.setCell(21, 3, 3671);
data.setCell(22, 0, 22)
data.setCell(22, 1, 'testNavigate')
data.setCell(22, 2, 'testMtaInfo.TestMtaInfo')
data.setCell(22, 3, 3468);
data.setCell(23, 0, 23)
data.setCell(23, 1, 'st238Test')
data.setCell(23, 2, 'serviceStatusHomePage.TestSpecialServiceNotice')
data.setCell(23, 3, 3437);
data.setCell(24, 0, 24)
data.setCell(24, 1, 'testSignInKeyWord')
data.setCell(24, 2, 'kewwordTest.TestFeatures')
data.setCell(24, 3, 3322);
data.setCell(25, 0, 25)
data.setCell(25, 1, 'TestPlan')
data.setCell(25, 2, 'serviceStatusHomePage.TestPlannedService')
data.setCell(25, 3, 3227);
data.setCell(26, 0, 26)
data.setCell(26, 1, 'testMymtaHomePage')
data.setCell(26, 2, 'testXlSheet.TestHomePageMyMtaAlert')
data.setCell(26, 3, 2867);
data.setCell(27, 0, 27)
data.setCell(27, 1, 'testSignInithvalidIdAndPassword')
data.setCell(27, 2, 'kewwordTest.TestFeatures')
data.setCell(27, 3, 2639);
data.setCell(28, 0, 28)
data.setCell(28, 1, 'testMtaInfo')
data.setCell(28, 2, 'testMtaInfo.TestMtaInfo')
data.setCell(28, 3, 2162);
data.setCell(29, 0, 29)
data.setCell(29, 1, 'dd')
data.setCell(29, 2, 'googleSheet.GoogleSheetPageTest')
data.setCell(29, 3, 2154);
data.setCell(30, 0, 30)
data.setCell(30, 1, 'imageSizeTest')
data.setCell(30, 2, 'serviceStatusHomePage.TestSpecialServiceNotice')
data.setCell(30, 3, 1933);
data.setCell(31, 0, 31)
data.setCell(31, 1, 'testForm')
data.setCell(31, 2, 'serviceStatusHomePage.TestTripPlanner')
data.setCell(31, 3, 613);
data.setCell(32, 0, 32)
data.setCell(32, 1, 'testArrival')
data.setCell(32, 2, 'serviceStatusHomePage.TestTripPlanner')
data.setCell(32, 3, 612);
data.setCell(33, 0, 33)
data.setCell(33, 1, 'TestHovering')
data.setCell(33, 2, 'Transperancy.TestTransperancy')
data.setCell(33, 3, 104);
data.setCell(34, 0, 34)
data.setCell(34, 1, 'checkServiceStatusComponents')
data.setCell(34, 2, 'serviceStatusHomePage.TestServiceStatus')
data.setCell(34, 3, 91);
data.setCell(35, 0, 35)
data.setCell(35, 1, 'languageOptions')
data.setCell(35, 2, 'serviceStatusHomePage.TestServiceStatus')
data.setCell(35, 3, 72);
data.setCell(36, 0, 36)
data.setCell(36, 1, 'checkBusTab')
data.setCell(36, 2, 'serviceStatusHomePage.TestServiceStatus')
data.setCell(36, 3, 1);
data.setCell(37, 0, 37)
data.setCell(37, 1, 'checkBridge')
data.setCell(37, 2, 'serviceStatusHomePage.TestServiceStatus')
data.setCell(37, 3, 1);
data.setCell(38, 0, 38)
data.setCell(38, 1, 'testTripsPlannerService')
data.setCell(38, 2, 'serviceStatusHomePage.TestTripPlanner')
data.setCell(38, 3, 0);
window.suiteTableData['Surefire_suite']= { tableData: data, tableDiv: 'times-div-Surefire_suite'}
return data;
}
              </script>
              <span class="suite-total-time">Total running time: 4 minutes</span>
              <div id="times-div-Surefire_suite">
              </div> <!-- times-div-Surefire_suite -->
            </div> <!-- times-div -->
          </div> <!-- main-panel-content rounded-window-bottom -->
        </div> <!-- panel -->
        <div panel-name="reporter-Surefire_suite" class="panel">
          <div class="main-panel-header rounded-window-top">
            <span class="header-content">Reporter output for Surefire suite</span>
          </div> <!-- main-panel-header rounded-window-top -->
          <div class="main-panel-content rounded-window-bottom">
            <div class="reporter-method-div">
              <span class="reporter-method-name">testArrival</span>
              <div class="reporter-method-output-div">
                <span class="reporter-method-output">TestTripPlanner: test Arrival</span>
                <span class="reporter-method-output">TestTripPlanner: arrival</span>
              </div> <!-- reporter-method-output-div -->
            </div> <!-- reporter-method-div -->
            <div class="reporter-method-div">
              <span class="reporter-method-name">testMtaInfo</span>
              <div class="reporter-method-output-div">
                <span class="reporter-method-output">TestMtaInfo: test Mta Info</span>
                <span class="reporter-method-output">TestMtaInfo: click On Mta Info</span>
              </div> <!-- reporter-method-output-div -->
            </div> <!-- reporter-method-div -->
            <div class="reporter-method-div">
              <span class="reporter-method-name">testMymtaHomePage</span>
              <div class="reporter-method-output-div">
                <span class="reporter-method-output">TestHomePageMyMtaAlert: test Mymta Home Page</span>
                <span class="reporter-method-output">TestHomePageMyMtaAlert: click Onsign Up</span>
              </div> <!-- reporter-method-output-div -->
            </div> <!-- reporter-method-div -->
            <div class="reporter-method-div">
              <span class="reporter-method-name">testNavigate</span>
              <div class="reporter-method-output-div">
                <span class="reporter-method-output">TestMtaInfo: test Navigate</span>
                <span class="reporter-method-output">TestMtaInfo: navigate Back Mta</span>
              </div> <!-- reporter-method-output-div -->
            </div> <!-- reporter-method-div -->
            <div class="reporter-method-div">
              <span class="reporter-method-name">TestHovering</span>
              <div class="reporter-method-output-div">
                <span class="reporter-method-output">TestTransperancy: Test Hovering</span>
                <span class="reporter-method-output">TestTransperancy: Transperancy By Css</span>
              </div> <!-- reporter-method-output-div -->
            </div> <!-- reporter-method-div -->
            <div class="reporter-method-div">
              <span class="reporter-method-name">signIn(Fahim1988, mun34119)</span>
              <div class="reporter-method-output-div">
                <span class="reporter-method-output">TestHomePageMyMtaAlert: sign In</span>
                <span class="reporter-method-output">TestHomePageMyMtaAlert: click Onsign Up</span>
                <span class="reporter-method-output">TestHomePageMyMtaAlert: sign Up Data For Xls</span>
                <span class="reporter-method-output">In Sign In Page</span>
                <span class="reporter-method-output">Username: Fahim1988</span>
                <span class="reporter-method-output">Password: mun34119</span>
                <span class="reporter-method-output">Test Passed</span>
              </div> <!-- reporter-method-output-div -->
            </div> <!-- reporter-method-div -->
            <div class="reporter-method-div">
              <span class="reporter-method-name">imageSizeTest</span>
              <div class="reporter-method-output-div">
                <span class="reporter-method-output">TestSpecialServiceNotice: image Size Test</span>
                <span class="reporter-method-output">TestSpecialServiceNotice: get Image Info</span>
              </div> <!-- reporter-method-output-div -->
            </div> <!-- reporter-method-div -->
            <div class="reporter-method-div">
              <span class="reporter-method-name">testTransperancyHover</span>
              <div class="reporter-method-output-div">
                <span class="reporter-method-output">TestTransperancy: test Transperancy Hover</span>
                <span class="reporter-method-output">TestTransperancy: hover Transperancy</span>
              </div> <!-- reporter-method-output-div -->
            </div> <!-- reporter-method-div -->
            <div class="reporter-method-div">
              <span class="reporter-method-name">testSignInithvalidIdAndPassword</span>
              <div class="reporter-method-output-div">
                <span class="reporter-method-output">TestFeatures: test Sign Inithvalid Id And Password</span>
                <span class="reporter-method-output">FeatureForKeyWord: click On Sign Up</span>
              </div> <!-- reporter-method-output-div -->
            </div> <!-- reporter-method-div -->
            <div class="reporter-method-div">
              <span class="reporter-method-name">checkServiceStatusComponents</span>
              <div class="reporter-method-output-div">
                <span class="reporter-method-output">TestServiceStatus: click On Status Services Components</span>
              </div> <!-- reporter-method-output-div -->
            </div> <!-- reporter-method-div -->
            <div class="reporter-method-div">
              <span class="reporter-method-name">test</span>
              <div class="reporter-method-output-div">
                <span class="reporter-method-output">TestHomePageMyMtaAlert: test</span>
                <span class="reporter-method-output">TestHomePageMyMtaAlert: click Onsign Up</span>
                <span class="reporter-method-output">TestHomePageMyMtaAlert: sign Up Data For Xls</span>
              </div> <!-- reporter-method-output-div -->
            </div> <!-- reporter-method-div -->
            <div class="reporter-method-div">
              <span class="reporter-method-name">testSignInKeyWord</span>
              <div class="reporter-method-output-div">
                <span class="reporter-method-output">TestFeatures: test Sign In Key Word</span>
                <span class="reporter-method-output">InputFromXls: Sign In By Key Word</span>
                <span class="reporter-method-output">InputFromXls: click On Sign Up</span>
                <span class="reporter-method-output">InputFromXls: input Username</span>
                <span class="reporter-method-output">InputFromXls: input Password</span>
                <span class="reporter-method-output">InputFromXls: click On Login Button</span>
              </div> <!-- reporter-method-output-div -->
            </div> <!-- reporter-method-div -->
            <div class="reporter-method-div">
              <span class="reporter-method-name">testLogInByInvalidIdPassUsingGoogleSheet</span>
              <div class="reporter-method-output-div">
                <span class="reporter-method-output">GoogleSheetPageTest: test Log In By Invalid Id Pass Using Google Sheet</span>
                <span class="reporter-method-output">GoogleSheetPageTest: sign In By Invalid Id Pass</span>
                <span class="reporter-method-output">GoogleSheetPageTest: get Spread Sheet Records</span>
                <span class="reporter-method-output">GoogleSheetPageTest: get Spread Sheet Records</span>
              </div> <!-- reporter-method-output-div -->
            </div> <!-- reporter-method-div -->
            <div class="reporter-method-div">
              <span class="reporter-method-name">testMtaPoliceSearch</span>
              <div class="reporter-method-output-div">
                <span class="reporter-method-output">TestMtaInfo: test Mta Police Search</span>
                <span class="reporter-method-output">TestMtaInfo: mta Police</span>
              </div> <!-- reporter-method-output-div -->
            </div> <!-- reporter-method-div -->
            <div class="reporter-method-div">
              <span class="reporter-method-name">dd</span>
              <div class="reporter-method-output-div">
                <span class="reporter-method-output">GoogleSheetPageTest: dd</span>
              </div> <!-- reporter-method-output-div -->
            </div> <!-- reporter-method-div -->
            <div class="reporter-method-div">
              <span class="reporter-method-name">st238Test</span>
              <div class="reporter-method-output-div">
                <span class="reporter-method-output">TestSpecialServiceNotice: st 238 Test</span>
                <span class="reporter-method-output">TestSpecialServiceNotice: click On 238 St</span>
              </div> <!-- reporter-method-output-div -->
            </div> <!-- reporter-method-div -->
            <div class="reporter-method-div">
              <span class="reporter-method-name">testGetText</span>
              <div class="reporter-method-output-div">
                <span class="reporter-method-output">TestTransperancy: test Get Text</span>
                <span class="reporter-method-output">TestTransperancy: get Title From Capital Program</span>
                <span class="reporter-method-output">TestTransperancy: hover Transperancy</span>
              </div> <!-- reporter-method-output-div -->
            </div> <!-- reporter-method-div -->
            <div class="reporter-method-div">
              <span class="reporter-method-name">iFrameTest</span>
              <div class="reporter-method-output-div">
                <span class="reporter-method-output">TestSpecialServiceNotice: i Frame Test</span>
                <span class="reporter-method-output">TestSpecialServiceNotice: switch To Frame</span>
              </div> <!-- reporter-method-output-div -->
            </div> <!-- reporter-method-div -->
            <div class="reporter-method-div">
              <span class="reporter-method-name">testMtaPoliceSearchBox</span>
              <div class="reporter-method-output-div">
                <span class="reporter-method-output">TestMtaInfo: test Mta Police Search Box</span>
                <span class="reporter-method-output">TestMtaInfo: mta Police Search Box</span>
                <span class="reporter-method-output">TestMtaInfo: mta Police</span>
              </div> <!-- reporter-method-output-div -->
            </div> <!-- reporter-method-div -->
            <div class="reporter-method-div">
              <span class="reporter-method-name">signIn(Fahim, 12345.0)</span>
              <div class="reporter-method-output-div">
                <span class="reporter-method-output">TestHomePageMyMtaAlert: sign In</span>
                <span class="reporter-method-output">TestHomePageMyMtaAlert: click Onsign Up</span>
                <span class="reporter-method-output">TestHomePageMyMtaAlert: sign Up Data For Xls</span>
                <span class="reporter-method-output">In Sign In Page</span>
                <span class="reporter-method-output">Username: Fahim</span>
                <span class="reporter-method-output">Password: 12345.0</span>
                <span class="reporter-method-output">Test Passed</span>
              </div> <!-- reporter-method-output-div -->
            </div> <!-- reporter-method-div -->
            <div class="reporter-method-div">
              <span class="reporter-method-name">languageOptions</span>
              <div class="reporter-method-output-div">
                <span class="reporter-method-output">TestServiceStatus: language Options</span>
                <span class="reporter-method-output">TestServiceStatus: select Language</span>
              </div> <!-- reporter-method-output-div -->
            </div> <!-- reporter-method-div -->
            <div class="reporter-method-div">
              <span class="reporter-method-name">TestPlan</span>
              <div class="reporter-method-output-div">
                <span class="reporter-method-output">TestPlannedService: Test Plan</span>
                <span class="reporter-method-output">TestPlannedService: get Plan</span>
              </div> <!-- reporter-method-output-div -->
            </div> <!-- reporter-method-div -->
            <div class="reporter-method-div">
              <span class="reporter-method-name">testAdOnMtaCard</span>
              <div class="reporter-method-output-div">
                <span class="reporter-method-output">TestDoingBusiness: test Ad On Mta Card</span>
                <span class="reporter-method-output">TestDoingBusiness: click On Ad On Mta Card</span>
                <span class="reporter-method-output">TestDoingBusiness: click On Doing Business</span>
              </div> <!-- reporter-method-output-div -->
            </div> <!-- reporter-method-div -->
            <div class="reporter-method-div">
              <span class="reporter-method-name">AboutMtaTest</span>
              <div class="reporter-method-output-div">
                <span class="reporter-method-output">TestMtaInfo: About Mta Test</span>
                <span class="reporter-method-output">TestMtaInfo: about Mta</span>
              </div> <!-- reporter-method-output-div -->
            </div> <!-- reporter-method-div -->
            <div class="reporter-method-div">
              <span class="reporter-method-name">checkBusTab</span>
              <div class="reporter-method-output-div">
                <span class="reporter-method-output">TestServiceStatus: check Bus Tab</span>
                <span class="reporter-method-output">TestServiceStatus: cick On Bus</span>
              </div> <!-- reporter-method-output-div -->
            </div> <!-- reporter-method-div -->
            <div class="reporter-method-div">
              <span class="reporter-method-name">textPlanTest</span>
              <div class="reporter-method-output-div">
                <span class="reporter-method-output">TestPlannedService: text Plan Test</span>
                <span class="reporter-method-output">TestPlannedService: text Plan</span>
              </div> <!-- reporter-method-output-div -->
            </div> <!-- reporter-method-div -->
            <div class="reporter-method-div">
              <span class="reporter-method-name">testStatenIslands</span>
              <div class="reporter-method-output-div">
                <span class="reporter-method-output">ScheduleTest: click On Schedule</span>
              </div> <!-- reporter-method-output-div -->
            </div> <!-- reporter-method-div -->
            <div class="reporter-method-div">
              <span class="reporter-method-name">testBusinessItem</span>
              <div class="reporter-method-output-div">
                <span class="reporter-method-output">TestDoingBusiness: test Business Item</span>
                <span class="reporter-method-output">TestDoingBusiness: click On Doing Business Items</span>
              </div> <!-- reporter-method-output-div -->
            </div> <!-- reporter-method-div -->
            <div class="reporter-method-div">
              <span class="reporter-method-name">testForm</span>
              <div class="reporter-method-output-div">
                <span class="reporter-method-output">TestTripPlanner: test Form</span>
                <span class="reporter-method-output">TestTripPlanner: fill Out Form</span>
              </div> <!-- reporter-method-output-div -->
            </div> <!-- reporter-method-div -->
            <div class="reporter-method-div">
              <span class="reporter-method-name">insertLanguageListTest</span>
              <div class="reporter-method-output-div">
                <span class="reporter-method-output">TestMongoDB: insert Language List Test</span>
                <span class="reporter-method-output">TestMongoDB: inser Data Into Database</span>
              </div> <!-- reporter-method-output-div -->
            </div> <!-- reporter-method-div -->
            <div class="reporter-method-div">
              <span class="reporter-method-name">testBusinessTite</span>
              <div class="reporter-method-output-div">
                <span class="reporter-method-output">TestDoingBusiness: get Doing Business Title</span>
              </div> <!-- reporter-method-output-div -->
            </div> <!-- reporter-method-div -->
            <div class="reporter-method-div">
              <span class="reporter-method-name">testFinance</span>
              <div class="reporter-method-output-div">
                <span class="reporter-method-output">TestMtaInfo: test Finance</span>
                <span class="reporter-method-output">TestMtaInfo: about Mta</span>
              </div> <!-- reporter-method-output-div -->
            </div> <!-- reporter-method-div -->
            <div class="reporter-method-div">
              <span class="reporter-method-name">checkBridge</span>
              <div class="reporter-method-output-div">
                <span class="reporter-method-output">TestServiceStatus: check Bridge</span>
              </div> <!-- reporter-method-output-div -->
            </div> <!-- reporter-method-div -->
            <div class="reporter-method-div">
              <span class="reporter-method-name">getMtaTitle</span>
              <div class="reporter-method-output-div">
                <span class="reporter-method-output">TestMtaInfo: get Mta Title</span>
                <span class="reporter-method-output">TestMtaInfo: Mta Title</span>
              </div> <!-- reporter-method-output-div -->
            </div> <!-- reporter-method-div -->
            <div class="reporter-method-div">
              <span class="reporter-method-name">testInputBox</span>
              <div class="reporter-method-output-div">
                <span class="reporter-method-output">TestServiceStatus: test Input Box</span>
                <span class="reporter-method-output">TestServiceStatus: search Input</span>
              </div> <!-- reporter-method-output-div -->
            </div> <!-- reporter-method-div -->
            <div class="reporter-method-div">
              <span class="reporter-method-name">testSchedule</span>
              <div class="reporter-method-output-div">
                <span class="reporter-method-output">cliking on schedule</span>
                <span class="reporter-method-output">ScheduleTest: click On Schedule</span>
              </div> <!-- reporter-method-output-div -->
            </div> <!-- reporter-method-div -->
            <div class="reporter-method-div">
              <span class="reporter-method-name">readDataTest</span>
              <div class="reporter-method-output-div">
                <span class="reporter-method-output">TestMongoDB: read Data Test</span>
                <span class="reporter-method-output">TestMongoDB: read Data</span>
              </div> <!-- reporter-method-output-div -->
            </div> <!-- reporter-method-div -->
            <div class="reporter-method-div">
              <span class="reporter-method-name">testDoingBusiness</span>
              <div class="reporter-method-output-div">
                <span class="reporter-method-output">TestDoingBusiness: test Doing Business</span>
                <span class="reporter-method-output">TestDoingBusiness: click On Doing Business</span>
              </div> <!-- reporter-method-output-div -->
            </div> <!-- reporter-method-div -->
          </div> <!-- main-panel-content rounded-window-bottom -->
        </div> <!-- panel -->
        <div panel-name="ignored-methods-Surefire_suite" class="panel">
          <div class="main-panel-header rounded-window-top">
            <span class="header-content">22 ignored methods</span>
          </div> <!-- main-panel-header rounded-window-top -->
          <div class="main-panel-content rounded-window-bottom">
            <div class="ignored-class-div">
              <span class="ignored-class-name">testBusiness.TestDoingBusiness</span>
              <div class="ignored-methods-div">
                <span class="ignored-method-name">generateReport</span>
                <br/>
                <span class="ignored-method-name">extentSetup</span>
                <br/>
              </div> <!-- ignored-methods-div -->
            </div> <!-- ignored-class-div -->
            <div class="ignored-class-div">
              <span class="ignored-class-name">testFareAndTolls.ScheduleTest</span>
              <div class="ignored-methods-div">
                <span class="ignored-method-name">generateReport</span>
                <br/>
                <span class="ignored-method-name">extentSetup</span>
                <br/>
              </div> <!-- ignored-methods-div -->
            </div> <!-- ignored-class-div -->
            <div class="ignored-class-div">
              <span class="ignored-class-name">kewwordTest.TestFeatures</span>
              <div class="ignored-methods-div">
                <span class="ignored-method-name">generateReport</span>
                <br/>
                <span class="ignored-method-name">extentSetup</span>
                <br/>
              </div> <!-- ignored-methods-div -->
            </div> <!-- ignored-class-div -->
            <div class="ignored-class-div">
              <span class="ignored-class-name">googleSheet.GoogleSheetPageTest</span>
              <div class="ignored-methods-div">
                <span class="ignored-method-name">generateReport</span>
                <br/>
                <span class="ignored-method-name">extentSetup</span>
                <br/>
              </div> <!-- ignored-methods-div -->
            </div> <!-- ignored-class-div -->
            <div class="ignored-class-div">
              <span class="ignored-class-name">serviceStatusHomePage.TestServiceStatus</span>
              <div class="ignored-methods-div">
                <span class="ignored-method-name">generateReport</span>
                <br/>
                <span class="ignored-method-name">extentSetup</span>
                <br/>
              </div> <!-- ignored-methods-div -->
            </div> <!-- ignored-class-div -->
            <div class="ignored-class-div">
              <span class="ignored-class-name">testXlSheet.TestHomePageMyMtaAlert</span>
              <div class="ignored-methods-div">
                <span class="ignored-method-name">generateReport</span>
                <br/>
                <span class="ignored-method-name">extentSetup</span>
                <br/>
              </div> <!-- ignored-methods-div -->
            </div> <!-- ignored-class-div -->
            <div class="ignored-class-div">
              <span class="ignored-class-name">serviceStatusHomePage.TestSpecialServiceNotice</span>
              <div class="ignored-methods-div">
                <span class="ignored-method-name">generateReport</span>
                <br/>
                <span class="ignored-method-name">extentSetup</span>
                <br/>
              </div> <!-- ignored-methods-div -->
            </div> <!-- ignored-class-div -->
            <div class="ignored-class-div">
              <span class="ignored-class-name">Transperancy.TestTransperancy</span>
              <div class="ignored-methods-div">
                <span class="ignored-method-name">generateReport</span>
                <br/>
                <span class="ignored-method-name">extentSetup</span>
                <br/>
              </div> <!-- ignored-methods-div -->
            </div> <!-- ignored-class-div -->
            <div class="ignored-class-div">
              <span class="ignored-class-name">serviceStatusHomePage.TestTripPlanner</span>
              <div class="ignored-methods-div">
                <span class="ignored-method-name">generateReport</span>
                <br/>
                <span class="ignored-method-name">extentSetup</span>
                <br/>
              </div> <!-- ignored-methods-div -->
            </div> <!-- ignored-class-div -->
            <div class="ignored-class-div">
              <span class="ignored-class-name">serviceStatusHomePage.TestPlannedService</span>
              <div class="ignored-methods-div">
                <span class="ignored-method-name">generateReport</span>
                <br/>
                <span class="ignored-method-name">extentSetup</span>
                <br/>
              </div> <!-- ignored-methods-div -->
            </div> <!-- ignored-class-div -->
            <div class="ignored-class-div">
              <span class="ignored-class-name">testMtaInfo.TestMtaInfo</span>
              <div class="ignored-methods-div">
                <span class="ignored-method-name">generateReport</span>
                <br/>
                <span class="ignored-method-name">extentSetup</span>
                <br/>
              </div> <!-- ignored-methods-div -->
            </div> <!-- ignored-class-div -->
          </div> <!-- main-panel-content rounded-window-bottom -->
        </div> <!-- panel -->
        <div panel-name="chronological-Surefire_suite" class="panel">
          <div class="main-panel-header rounded-window-top">
            <span class="header-content">Methods in chronological order</span>
          </div> <!-- main-panel-header rounded-window-top -->
          <div class="main-panel-content rounded-window-bottom">
            <div class="chronological-class">
              <div class="chronological-class-name">serviceStatusHomePage.TestTripPlanner</div> <!-- chronological-class-name -->
              <div class="test-method">
                <span class="method-name">testTripsPlannerService</span>
                <span class="method-start">0 ms</span>
              </div> <!-- test-method -->
            </div> <!-- chronological-class -->
            <div class="chronological-class">
              <div class="chronological-class-name">databaseTest.TestMongoDB</div> <!-- chronological-class-name -->
              <div class="configuration-suite before">
                <span class="method-name">extentSetup(org.testng.TestRunner@27502e5c)</span>
                <span class="method-start">0 ms</span>
              </div> <!-- configuration-suite before -->
              <div class="configuration-method before">
                <span class="method-name">setUp(false, false, windows, 10, chrome-options, 60, http://www.mta.info)</span>
                <span class="method-start">213 ms</span>
              </div> <!-- configuration-method before -->
              <div class="configuration-method before">
                <span class="method-name">startExtent(public void databaseTest.TestMongoDB.insertLanguageListTest())</span>
                <span class="method-start">9258 ms</span>
              </div> <!-- configuration-method before -->
              <div class="configuration-method before">
                <span class="method-name">init</span>
                <span class="method-start">9262 ms</span>
              </div> <!-- configuration-method before -->
              <div class="test-method">
                <img src="failed.png">
                </img>
                <span class="method-name">insertLanguageListTest</span>
                <span class="method-start">9267 ms</span>
              </div> <!-- test-method -->
              <div class="configuration-method after">
                <span class="method-name">afterEachTestMethod([TestResult name=insertLanguageListTest status=FAILURE method=TestMongoDB.insertLanguageListTest()[p...)</span>
                <span class="method-start">40126 ms</span>
              </div> <!-- configuration-method after -->
              <div class="configuration-method after">
                <span class="method-name">cleanUp</span>
                <span class="method-start">41598 ms</span>
              </div> <!-- configuration-method after -->
              <div class="configuration-method before">
                <span class="method-name">setUp(false, false, windows, 10, chrome-options, 60, http://www.mta.info)</span>
                <span class="method-start">41599 ms</span>
              </div> <!-- configuration-method before -->
              <div class="configuration-method before">
                <span class="method-name">startExtent(public void databaseTest.TestMongoDB.readDataTest())</span>
                <span class="method-start">50216 ms</span>
              </div> <!-- configuration-method before -->
              <div class="configuration-method before">
                <span class="method-name">init</span>
                <span class="method-start">50216 ms</span>
              </div> <!-- configuration-method before -->
              <div class="test-method">
                <img src="failed.png">
                </img>
                <span class="method-name">readDataTest</span>
                <span class="method-start">50216 ms</span>
              </div> <!-- test-method -->
              <div class="configuration-method after">
                <span class="method-name">afterEachTestMethod([TestResult name=readDataTest status=FAILURE method=TestMongoDB.readDataTest()[pri:0, instance:datab...)</span>
                <span class="method-start">80353 ms</span>
              </div> <!-- configuration-method after -->
              <div class="configuration-method after">
                <span class="method-name">cleanUp</span>
                <span class="method-start">81768 ms</span>
              </div> <!-- configuration-method after -->
            </div> <!-- chronological-class -->
            <div class="chronological-class">
              <div class="chronological-class-name">googleSheet.GoogleSheetPageTest</div> <!-- chronological-class-name -->
              <div class="configuration-method before">
                <span class="method-name">setUp(false, false, windows, 10, chrome-options, 60, http://www.mta.info)</span>
                <span class="method-start">81769 ms</span>
              </div> <!-- configuration-method before -->
              <div class="configuration-method before">
                <span class="method-name">startExtent(public void googleSheet.GoogleSheetPageTest.dd() throws java.lang.InterruptedException)</span>
                <span class="method-start">89510 ms</span>
              </div> <!-- configuration-method before -->
              <div class="configuration-method before">
                <span class="method-name">initialize</span>
                <span class="method-start">89511 ms</span>
              </div> <!-- configuration-method before -->
              <div class="test-method">
                <span class="method-name">dd</span>
                <span class="method-start">89531 ms</span>
              </div> <!-- test-method -->
              <div class="configuration-method after">
                <span class="method-name">afterEachTestMethod([TestResult name=dd status=SUCCESS method=GoogleSheetPageTest.dd()[pri:0, instance:googleSheet.Googl...)</span>
                <span class="method-start">91685 ms</span>
              </div> <!-- configuration-method after -->
              <div class="configuration-method after">
                <span class="method-name">cleanUp</span>
                <span class="method-start">92460 ms</span>
              </div> <!-- configuration-method after -->
              <div class="configuration-method before">
                <span class="method-name">setUp(false, false, windows, 10, chrome-options, 60, http://www.mta.info)</span>
                <span class="method-start">92461 ms</span>
              </div> <!-- configuration-method before -->
              <div class="configuration-method before">
                <span class="method-name">startExtent(public void googleSheet.GoogleSheetPageTest.testLogInByInvalidIdPassUsingGoogleSheet() throws java.l...)</span>
                <span class="method-start">101327 ms</span>
              </div> <!-- configuration-method before -->
              <div class="configuration-method before">
                <span class="method-name">initialize</span>
                <span class="method-start">101327 ms</span>
              </div> <!-- configuration-method before -->
              <div class="test-method">
                <span class="method-name">testLogInByInvalidIdPassUsingGoogleSheet</span>
                <span class="method-start">101327 ms</span>
              </div> <!-- test-method -->
              <div class="configuration-method after">
                <span class="method-name">afterEachTestMethod([TestResult name=testLogInByInvalidIdPassUsingGoogleSheet status=SUCCESS method=GoogleSheetPageTest....)</span>
                <span class="method-start">118812 ms</span>
              </div> <!-- configuration-method after -->
              <div class="configuration-method after">
                <span class="method-name">cleanUp</span>
                <span class="method-start">119719 ms</span>
              </div> <!-- configuration-method after -->
            </div> <!-- chronological-class -->
            <div class="chronological-class">
              <div class="chronological-class-name">kewwordTest.TestFeatures</div> <!-- chronological-class-name -->
              <div class="configuration-method before">
                <span class="method-name">setUp(false, false, windows, 10, chrome-options, 60, http://www.mta.info)</span>
                <span class="method-start">119720 ms</span>
              </div> <!-- configuration-method before -->
              <div class="configuration-method before">
                <span class="method-name">startExtent(public void kewwordTest.TestFeatures.testSignInKeyWord() throws java.lang.Exception)</span>
                <span class="method-start">130256 ms</span>
              </div> <!-- configuration-method before -->
              <div class="configuration-method before">
                <span class="method-name">initializeObjects</span>
                <span class="method-start">130256 ms</span>
              </div> <!-- configuration-method before -->
              <div class="test-method">
                <span class="method-name">testSignInKeyWord</span>
                <span class="method-start">130257 ms</span>
              </div> <!-- test-method -->
              <div class="configuration-method after">
                <span class="method-name">afterEachTestMethod([TestResult name=testSignInKeyWord status=SUCCESS method=TestFeatures.testSignInKeyWord()[pri:0, ins...)</span>
                <span class="method-start">133579 ms</span>
              </div> <!-- configuration-method after -->
              <div class="configuration-method after">
                <span class="method-name">cleanUp</span>
                <span class="method-start">134357 ms</span>
              </div> <!-- configuration-method after -->
              <div class="configuration-method before">
                <span class="method-name">setUp(false, false, windows, 10, chrome-options, 60, http://www.mta.info)</span>
                <span class="method-start">134358 ms</span>
              </div> <!-- configuration-method before -->
              <div class="configuration-method before">
                <span class="method-name">startExtent(public void kewwordTest.TestFeatures.testSignInithvalidIdAndPassword() throws java.io.IOException,ja...)</span>
                <span class="method-start">144211 ms</span>
              </div> <!-- configuration-method before -->
              <div class="configuration-method before">
                <span class="method-name">initializeObjects</span>
                <span class="method-start">144211 ms</span>
              </div> <!-- configuration-method before -->
              <div class="test-method">
                <span class="method-name">testSignInithvalidIdAndPassword</span>
                <span class="method-start">144212 ms</span>
              </div> <!-- test-method -->
              <div class="configuration-method after">
                <span class="method-name">afterEachTestMethod([TestResult name=testSignInithvalidIdAndPassword status=SUCCESS method=TestFeatures.testSignInithval...)</span>
                <span class="method-start">146851 ms</span>
              </div> <!-- configuration-method after -->
              <div class="configuration-method after">
                <span class="method-name">cleanUp</span>
                <span class="method-start">147652 ms</span>
              </div> <!-- configuration-method after -->
            </div> <!-- chronological-class -->
            <div class="chronological-class">
              <div class="chronological-class-name">serviceStatusHomePage.TestPlannedService</div> <!-- chronological-class-name -->
              <div class="configuration-method before">
                <span class="method-name">setUp(false, false, windows, 10, chrome-options, 60, http://www.mta.info)</span>
                <span class="method-start">147652 ms</span>
              </div> <!-- configuration-method before -->
              <div class="configuration-method before">
                <span class="method-name">startExtent(public void serviceStatusHomePage.TestPlannedService.TestPlan())</span>
                <span class="method-start">155136 ms</span>
              </div> <!-- configuration-method before -->
              <div class="configuration-method before">
                <span class="method-name">init</span>
                <span class="method-start">155137 ms</span>
              </div> <!-- configuration-method before -->
              <div class="test-method">
                <img src="failed.png">
                </img>
                <span class="method-name">TestPlan</span>
                <span class="method-start">155138 ms</span>
              </div> <!-- test-method -->
              <div class="configuration-method after">
                <span class="method-name">afterEachTestMethod([TestResult name=TestPlan status=FAILURE method=TestPlannedService.TestPlan()[pri:0, instance:servic...)</span>
                <span class="method-start">158366 ms</span>
              </div> <!-- configuration-method after -->
              <div class="configuration-method after">
                <span class="method-name">cleanUp</span>
                <span class="method-start">159653 ms</span>
              </div> <!-- configuration-method after -->
              <div class="configuration-method before">
                <span class="method-name">setUp(false, false, windows, 10, chrome-options, 60, http://www.mta.info)</span>
                <span class="method-start">159653 ms</span>
              </div> <!-- configuration-method before -->
              <div class="configuration-method before">
                <span class="method-name">startExtent(public void serviceStatusHomePage.TestPlannedService.textPlanTest())</span>
                <span class="method-start">168442 ms</span>
              </div> <!-- configuration-method before -->
              <div class="configuration-method before">
                <span class="method-name">init</span>
                <span class="method-start">168442 ms</span>
              </div> <!-- configuration-method before -->
              <div class="test-method">
                <img src="failed.png">
                </img>
                <span class="method-name">textPlanTest</span>
                <span class="method-start">168442 ms</span>
              </div> <!-- test-method -->
              <div class="configuration-method after">
                <span class="method-name">afterEachTestMethod([TestResult name=textPlanTest status=FAILURE method=TestPlannedService.textPlanTest()[pri:0, instanc...)</span>
                <span class="method-start">178475 ms</span>
              </div> <!-- configuration-method after -->
              <div class="configuration-method after">
                <span class="method-name">cleanUp</span>
                <span class="method-start">179762 ms</span>
              </div> <!-- configuration-method after -->
            </div> <!-- chronological-class -->
            <div class="chronological-class">
              <div class="chronological-class-name">serviceStatusHomePage.TestServiceStatus</div> <!-- chronological-class-name -->
              <div class="configuration-method before">
                <span class="method-name">setUp(false, false, windows, 10, chrome-options, 60, http://www.mta.info)</span>
                <span class="method-start">179762 ms</span>
              </div> <!-- configuration-method before -->
              <div class="configuration-method before">
                <span class="method-name">startExtent(public void serviceStatusHomePage.TestServiceStatus.checkBridge())</span>
                <span class="method-start">187710 ms</span>
              </div> <!-- configuration-method before -->
              <div class="configuration-method before">
                <span class="method-name">initialization</span>
                <span class="method-start">187710 ms</span>
              </div> <!-- configuration-method before -->
              <div class="test-method">
                <img src="failed.png">
                </img>
                <span class="method-name">checkBridge</span>
                <span class="method-start">187712 ms</span>
              </div> <!-- test-method -->
              <div class="configuration-method after">
                <span class="method-name">afterEachTestMethod([TestResult name=checkBridge status=FAILURE method=TestServiceStatus.checkBridge()[pri:0, instance:s...)</span>
                <span class="method-start">187714 ms</span>
              </div> <!-- configuration-method after -->
              <div class="configuration-method after">
                <span class="method-name">cleanUp</span>
                <span class="method-start">188938 ms</span>
              </div> <!-- configuration-method after -->
              <div class="configuration-method before">
                <span class="method-name">setUp(false, false, windows, 10, chrome-options, 60, http://www.mta.info)</span>
                <span class="method-start">188938 ms</span>
              </div> <!-- configuration-method before -->
              <div class="configuration-method before">
                <span class="method-name">startExtent(public void serviceStatusHomePage.TestServiceStatus.checkBusTab())</span>
                <span class="method-start">198662 ms</span>
              </div> <!-- configuration-method before -->
              <div class="configuration-method before">
                <span class="method-name">initialization</span>
                <span class="method-start">198662 ms</span>
              </div> <!-- configuration-method before -->
              <div class="test-method">
                <img src="failed.png">
                </img>
                <span class="method-name">checkBusTab</span>
                <span class="method-start">198662 ms</span>
              </div> <!-- test-method -->
              <div class="configuration-method after">
                <span class="method-name">afterEachTestMethod([TestResult name=checkBusTab status=FAILURE method=TestServiceStatus.checkBusTab()[pri:0, instance:s...)</span>
                <span class="method-start">198663 ms</span>
              </div> <!-- configuration-method after -->
              <div class="configuration-method after">
                <span class="method-name">cleanUp</span>
                <span class="method-start">199866 ms</span>
              </div> <!-- configuration-method after -->
              <div class="configuration-method before">
                <span class="method-name">setUp(false, false, windows, 10, chrome-options, 60, http://www.mta.info)</span>
                <span class="method-start">199866 ms</span>
              </div> <!-- configuration-method before -->
              <div class="configuration-method before">
                <span class="method-name">startExtent(public void serviceStatusHomePage.TestServiceStatus.languageOptions())</span>
                <span class="method-start">208305 ms</span>
              </div> <!-- configuration-method before -->
              <div class="configuration-method before">
                <span class="method-name">initialization</span>
                <span class="method-start">208305 ms</span>
              </div> <!-- configuration-method before -->
              <div class="test-method">
                <span class="method-name">languageOptions</span>
                <span class="method-start">208305 ms</span>
              </div> <!-- test-method -->
              <div class="configuration-method after">
                <span class="method-name">afterEachTestMethod([TestResult name=languageOptions status=SUCCESS method=TestServiceStatus.languageOptions()[pri:0, in...)</span>
                <span class="method-start">208378 ms</span>
              </div> <!-- configuration-method after -->
              <div class="configuration-method after">
                <span class="method-name">cleanUp</span>
                <span class="method-start">209190 ms</span>
              </div> <!-- configuration-method after -->
              <div class="configuration-method before">
                <span class="method-name">setUp(false, false, windows, 10, chrome-options, 60, http://www.mta.info)</span>
                <span class="method-start">209190 ms</span>
              </div> <!-- configuration-method before -->
              <div class="configuration-method before">
                <span class="method-name">startExtent(public void serviceStatusHomePage.TestServiceStatus.testInputBox())</span>
                <span class="method-start">217718 ms</span>
              </div> <!-- configuration-method before -->
              <div class="configuration-method before">
                <span class="method-name">initialization</span>
                <span class="method-start">217718 ms</span>
              </div> <!-- configuration-method before -->
              <div class="test-method">
                <img src="failed.png">
                </img>
                <span class="method-name">testInputBox</span>
                <span class="method-start">217720 ms</span>
              </div> <!-- test-method -->
              <div class="configuration-method after">
                <span class="method-name">afterEachTestMethod([TestResult name=testInputBox status=FAILURE method=TestServiceStatus.testInputBox()[pri:0, instance...)</span>
                <span class="method-start">227824 ms</span>
              </div> <!-- configuration-method after -->
              <div class="configuration-method after">
                <span class="method-name">cleanUp</span>
                <span class="method-start">229095 ms</span>
              </div> <!-- configuration-method after -->
            </div> <!-- chronological-class -->
            <div class="chronological-class">
              <div class="chronological-class-name">serviceStatusHomePage.TestSpecialServiceNotice</div> <!-- chronological-class-name -->
              <div class="configuration-method before">
                <span class="method-name">setUp(false, false, windows, 10, chrome-options, 60, http://www.mta.info)</span>
                <span class="method-start">229095 ms</span>
              </div> <!-- configuration-method before -->
              <div class="configuration-method before">
                <span class="method-name">startExtent(public void serviceStatusHomePage.TestSpecialServiceNotice.iFrameTest())</span>
                <span class="method-start">239310 ms</span>
              </div> <!-- configuration-method before -->
              <div class="configuration-method before">
                <span class="method-name">init</span>
                <span class="method-start">239310 ms</span>
              </div> <!-- configuration-method before -->
              <div class="test-method">
                <span class="method-name">iFrameTest</span>
                <span class="method-start">239311 ms</span>
              </div> <!-- test-method -->
              <div class="configuration-method after">
                <span class="method-name">afterEachTestMethod([TestResult name=iFrameTest status=SUCCESS method=TestSpecialServiceNotice.iFrameTest()[pri:0, insta...)</span>
                <span class="method-start">242982 ms</span>
              </div> <!-- configuration-method after -->
              <div class="configuration-method after">
                <span class="method-name">cleanUp</span>
                <span class="method-start">243710 ms</span>
              </div> <!-- configuration-method after -->
              <div class="configuration-method before">
                <span class="method-name">setUp(false, false, windows, 10, chrome-options, 60, http://www.mta.info)</span>
                <span class="method-start">243710 ms</span>
              </div> <!-- configuration-method before -->
              <div class="configuration-method before">
                <span class="method-name">startExtent(public void serviceStatusHomePage.TestSpecialServiceNotice.imageSizeTest())</span>
                <span class="method-start">251497 ms</span>
              </div> <!-- configuration-method before -->
              <div class="configuration-method before">
                <span class="method-name">init</span>
                <span class="method-start">251497 ms</span>
              </div> <!-- configuration-method before -->
              <div class="test-method">
                <span class="method-name">imageSizeTest</span>
                <span class="method-start">251498 ms</span>
              </div> <!-- test-method -->
              <div class="configuration-method after">
                <span class="method-name">afterEachTestMethod([TestResult name=imageSizeTest status=SUCCESS method=TestSpecialServiceNotice.imageSizeTest()[pri:0,...)</span>
                <span class="method-start">253431 ms</span>
              </div> <!-- configuration-method after -->
              <div class="configuration-method after">
                <span class="method-name">cleanUp</span>
                <span class="method-start">254281 ms</span>
              </div> <!-- configuration-method after -->
              <div class="configuration-method before">
                <span class="method-name">setUp(false, false, windows, 10, chrome-options, 60, http://www.mta.info)</span>
                <span class="method-start">254282 ms</span>
              </div> <!-- configuration-method before -->
              <div class="configuration-method before">
                <span class="method-name">startExtent(public void serviceStatusHomePage.TestSpecialServiceNotice.st238Test())</span>
                <span class="method-start">264812 ms</span>
              </div> <!-- configuration-method before -->
              <div class="configuration-method before">
                <span class="method-name">init</span>
                <span class="method-start">264813 ms</span>
              </div> <!-- configuration-method before -->
              <div class="test-method">
                <span class="method-name">st238Test</span>
                <span class="method-start">264813 ms</span>
              </div> <!-- test-method -->
              <div class="configuration-method after">
                <span class="method-name">afterEachTestMethod([TestResult name=st238Test status=SUCCESS method=TestSpecialServiceNotice.st238Test()[pri:0, instanc...)</span>
                <span class="method-start">268250 ms</span>
              </div> <!-- configuration-method after -->
              <div class="configuration-method after">
                <span class="method-name">cleanUp</span>
                <span class="method-start">269033 ms</span>
              </div> <!-- configuration-method after -->
            </div> <!-- chronological-class -->
            <div class="chronological-class">
              <div class="chronological-class-name">serviceStatusHomePage.TestTripPlanner</div> <!-- chronological-class-name -->
              <div class="configuration-method before">
                <span class="method-name">setUp(false, false, windows, 10, chrome-options, 60, http://www.mta.info)</span>
                <span class="method-start">269035 ms</span>
              </div> <!-- configuration-method before -->
              <div class="configuration-method before">
                <span class="method-name">startExtent(public void serviceStatusHomePage.TestTripPlanner.testArrival())</span>
                <span class="method-start">278445 ms</span>
              </div> <!-- configuration-method before -->
              <div class="configuration-method before">
                <span class="method-name">init</span>
                <span class="method-start">278445 ms</span>
              </div> <!-- configuration-method before -->
              <div class="test-method">
                <span class="method-name">testArrival</span>
                <span class="method-start">278447 ms</span>
              </div> <!-- test-method -->
              <div class="configuration-method after">
                <span class="method-name">afterEachTestMethod([TestResult name=testArrival status=SUCCESS method=TestTripPlanner.testArrival()[pri:0, instance:ser...)</span>
                <span class="method-start">279059 ms</span>
              </div> <!-- configuration-method after -->
              <div class="configuration-method after">
                <span class="method-name">cleanUp</span>
                <span class="method-start">279827 ms</span>
              </div> <!-- configuration-method after -->
              <div class="configuration-method before">
                <span class="method-name">setUp(false, false, windows, 10, chrome-options, 60, http://www.mta.info)</span>
                <span class="method-start">279827 ms</span>
              </div> <!-- configuration-method before -->
              <div class="configuration-method before">
                <span class="method-name">startExtent(public void serviceStatusHomePage.TestTripPlanner.testForm())</span>
                <span class="method-start">288883 ms</span>
              </div> <!-- configuration-method before -->
              <div class="configuration-method before">
                <span class="method-name">init</span>
                <span class="method-start">288883 ms</span>
              </div> <!-- configuration-method before -->
              <div class="test-method">
                <img src="failed.png">
                </img>
                <span class="method-name">testForm</span>
                <span class="method-start">288883 ms</span>
              </div> <!-- test-method -->
              <div class="configuration-method after">
                <span class="method-name">afterEachTestMethod([TestResult name=testForm status=FAILURE method=TestTripPlanner.testForm()[pri:0, instance:serviceSt...)</span>
                <span class="method-start">289497 ms</span>
              </div> <!-- configuration-method after -->
              <div class="configuration-method after">
                <span class="method-name">cleanUp</span>
                <span class="method-start">290708 ms</span>
              </div> <!-- configuration-method after -->
              <div class="configuration-method before">
                <img src="failed.png">
                </img>
                <span class="method-name">setUp(false, false, windows, 10, chrome-options, 60, http://www.mta.info)</span>
                <span class="method-start">290709 ms</span>
              </div> <!-- configuration-method before -->
            </div> <!-- chronological-class -->
            <div class="chronological-class">
              <div class="chronological-class-name">testBusiness.TestDoingBusiness</div> <!-- chronological-class-name -->
              <div class="configuration-method before">
                <span class="method-name">setUp(false, false, windows, 10, chrome-options, 60, http://www.mta.info)</span>
                <span class="method-start">308333 ms</span>
              </div> <!-- configuration-method before -->
              <div class="configuration-method before">
                <span class="method-name">startExtent(public void testBusiness.TestDoingBusiness.testAdOnMtaCard())</span>
                <span class="method-start">315981 ms</span>
              </div> <!-- configuration-method before -->
              <div class="configuration-method before">
                <span class="method-name">init</span>
                <span class="method-start">315982 ms</span>
              </div> <!-- configuration-method before -->
              <div class="test-method">
                <img src="failed.png">
                </img>
                <span class="method-name">testAdOnMtaCard</span>
                <span class="method-start">315982 ms</span>
              </div> <!-- test-method -->
              <div class="configuration-method after">
                <span class="method-name">afterEachTestMethod([TestResult name=testAdOnMtaCard status=FAILURE method=TestDoingBusiness.testAdOnMtaCard()[pri:0, in...)</span>
                <span class="method-start">325999 ms</span>
              </div> <!-- configuration-method after -->
              <div class="configuration-method after">
                <span class="method-name">cleanUp</span>
                <span class="method-start">327078 ms</span>
              </div> <!-- configuration-method after -->
              <div class="configuration-method before">
                <span class="method-name">setUp(false, false, windows, 10, chrome-options, 60, http://www.mta.info)</span>
                <span class="method-start">327079 ms</span>
              </div> <!-- configuration-method before -->
              <div class="configuration-method before">
                <span class="method-name">startExtent(public void testBusiness.TestDoingBusiness.testBusinessItem())</span>
                <span class="method-start">332393 ms</span>
              </div> <!-- configuration-method before -->
              <div class="configuration-method before">
                <span class="method-name">init</span>
                <span class="method-start">332393 ms</span>
              </div> <!-- configuration-method before -->
              <div class="test-method">
                <img src="failed.png">
                </img>
                <span class="method-name">testBusinessItem</span>
                <span class="method-start">332393 ms</span>
              </div> <!-- test-method -->
              <div class="configuration-method after">
                <span class="method-name">afterEachTestMethod([TestResult name=testBusinessItem status=FAILURE method=TestDoingBusiness.testBusinessItem()[pri:0, ...)</span>
                <span class="method-start">342466 ms</span>
              </div> <!-- configuration-method after -->
              <div class="configuration-method after">
                <span class="method-name">cleanUp</span>
                <span class="method-start">343775 ms</span>
              </div> <!-- configuration-method after -->
              <div class="configuration-method before">
                <span class="method-name">setUp(false, false, windows, 10, chrome-options, 60, http://www.mta.info)</span>
                <span class="method-start">343776 ms</span>
              </div> <!-- configuration-method before -->
              <div class="configuration-method before">
                <span class="method-name">startExtent(public void testBusiness.TestDoingBusiness.testBusinessTite())</span>
                <span class="method-start">349110 ms</span>
              </div> <!-- configuration-method before -->
              <div class="configuration-method before">
                <span class="method-name">init</span>
                <span class="method-start">349110 ms</span>
              </div> <!-- configuration-method before -->
              <div class="test-method">
                <img src="failed.png">
                </img>
                <span class="method-name">testBusinessTite</span>
                <span class="method-start">349110 ms</span>
              </div> <!-- test-method -->
              <div class="configuration-method after">
                <span class="method-name">afterEachTestMethod([TestResult name=testBusinessTite status=FAILURE method=TestDoingBusiness.testBusinessTite()[pri:0, ...)</span>
                <span class="method-start">359131 ms</span>
              </div> <!-- configuration-method after -->
              <div class="configuration-method after">
                <span class="method-name">cleanUp</span>
                <span class="method-start">360178 ms</span>
              </div> <!-- configuration-method after -->
              <div class="configuration-method before">
                <span class="method-name">setUp(false, false, windows, 10, chrome-options, 60, http://www.mta.info)</span>
                <span class="method-start">360179 ms</span>
              </div> <!-- configuration-method before -->
              <div class="configuration-method before">
                <span class="method-name">startExtent(public void testBusiness.TestDoingBusiness.testDoingBusiness())</span>
                <span class="method-start">365399 ms</span>
              </div> <!-- configuration-method before -->
              <div class="configuration-method before">
                <span class="method-name">init</span>
                <span class="method-start">365399 ms</span>
              </div> <!-- configuration-method before -->
              <div class="test-method">
                <img src="failed.png">
                </img>
                <span class="method-name">testDoingBusiness</span>
                <span class="method-start">365399 ms</span>
              </div> <!-- test-method -->
              <div class="configuration-method after">
                <span class="method-name">afterEachTestMethod([TestResult name=testDoingBusiness status=FAILURE method=TestDoingBusiness.testDoingBusiness()[pri:0...)</span>
                <span class="method-start">375462 ms</span>
              </div> <!-- configuration-method after -->
              <div class="configuration-method after">
                <span class="method-name">cleanUp</span>
                <span class="method-start">376598 ms</span>
              </div> <!-- configuration-method after -->
            </div> <!-- chronological-class -->
            <div class="chronological-class">
              <div class="chronological-class-name">testFareAndTolls.ScheduleTest</div> <!-- chronological-class-name -->
              <div class="configuration-method before">
                <span class="method-name">setUp(false, false, windows, 10, chrome-options, 60, http://www.mta.info)</span>
                <span class="method-start">376598 ms</span>
              </div> <!-- configuration-method before -->
              <div class="configuration-method before">
                <span class="method-name">startExtent(public void testFareAndTolls.ScheduleTest.testSchedule() throws java.lang.InterruptedException)</span>
                <span class="method-start">381473 ms</span>
              </div> <!-- configuration-method before -->
              <div class="configuration-method before">
                <span class="method-name">init</span>
                <span class="method-start">381473 ms</span>
              </div> <!-- configuration-method before -->
              <div class="test-method">
                <img src="failed.png">
                </img>
                <span class="method-name">testSchedule</span>
                <span class="method-start">381473 ms</span>
              </div> <!-- test-method -->
              <div class="configuration-method after">
                <span class="method-name">afterEachTestMethod([TestResult name=testSchedule status=FAILURE method=ScheduleTest.testSchedule()[pri:0, instance:test...)</span>
                <span class="method-start">391500 ms</span>
              </div> <!-- configuration-method after -->
              <div class="configuration-method after">
                <span class="method-name">cleanUp</span>
                <span class="method-start">392662 ms</span>
              </div> <!-- configuration-method after -->
              <div class="configuration-method before">
                <span class="method-name">setUp(false, false, windows, 10, chrome-options, 60, http://www.mta.info)</span>
                <span class="method-start">392663 ms</span>
              </div> <!-- configuration-method before -->
              <div class="configuration-method before">
                <span class="method-name">startExtent(public void testFareAndTolls.ScheduleTest.testStatenIslands() throws java.lang.InterruptedException)</span>
                <span class="method-start">397834 ms</span>
              </div> <!-- configuration-method before -->
              <div class="configuration-method before">
                <span class="method-name">init</span>
                <span class="method-start">397835 ms</span>
              </div> <!-- configuration-method before -->
              <div class="test-method">
                <img src="failed.png">
                </img>
                <span class="method-name">testStatenIslands</span>
                <span class="method-start">397836 ms</span>
              </div> <!-- test-method -->
              <div class="configuration-method after">
                <span class="method-name">afterEachTestMethod([TestResult name=testStatenIslands status=FAILURE method=ScheduleTest.testStatenIslands()[pri:0, ins...)</span>
                <span class="method-start">407913 ms</span>
              </div> <!-- configuration-method after -->
              <div class="configuration-method after">
                <span class="method-name">cleanUp</span>
                <span class="method-start">409013 ms</span>
              </div> <!-- configuration-method after -->
            </div> <!-- chronological-class -->
            <div class="chronological-class">
              <div class="chronological-class-name">testMtaInfo.TestMtaInfo</div> <!-- chronological-class-name -->
              <div class="configuration-method before">
                <span class="method-name">setUp(false, false, windows, 10, chrome-options, 60, http://www.mta.info)</span>
                <span class="method-start">409025 ms</span>
              </div> <!-- configuration-method before -->
              <div class="configuration-method before">
                <span class="method-name">startExtent(public void testMtaInfo.TestMtaInfo.AboutMtaTest())</span>
                <span class="method-start">413788 ms</span>
              </div> <!-- configuration-method before -->
              <div class="configuration-method before">
                <span class="method-name">init</span>
                <span class="method-start">413788 ms</span>
              </div> <!-- configuration-method before -->
              <div class="test-method">
                <img src="failed.png">
                </img>
                <span class="method-name">AboutMtaTest</span>
                <span class="method-start">413790 ms</span>
              </div> <!-- test-method -->
              <div class="configuration-method after">
                <span class="method-name">afterEachTestMethod([TestResult name=AboutMtaTest status=FAILURE method=TestMtaInfo.AboutMtaTest()[pri:0, instance:testM...)</span>
                <span class="method-start">423827 ms</span>
              </div> <!-- configuration-method after -->
              <div class="configuration-method after">
                <span class="method-name">cleanUp</span>
                <span class="method-start">425035 ms</span>
              </div> <!-- configuration-method after -->
              <div class="configuration-method before">
                <span class="method-name">setUp(false, false, windows, 10, chrome-options, 60, http://www.mta.info)</span>
                <span class="method-start">425036 ms</span>
              </div> <!-- configuration-method before -->
              <div class="configuration-method before">
                <span class="method-name">startExtent(public void testMtaInfo.TestMtaInfo.getMtaTitle())</span>
                <span class="method-start">429703 ms</span>
              </div> <!-- configuration-method before -->
              <div class="configuration-method before">
                <span class="method-name">init</span>
                <span class="method-start">429703 ms</span>
              </div> <!-- configuration-method before -->
              <div class="test-method">
                <img src="failed.png">
                </img>
                <span class="method-name">getMtaTitle</span>
                <span class="method-start">429705 ms</span>
              </div> <!-- test-method -->
              <div class="configuration-method after">
                <span class="method-name">afterEachTestMethod([TestResult name=getMtaTitle status=FAILURE method=TestMtaInfo.getMtaTitle()[pri:0, instance:testMta...)</span>
                <span class="method-start">439752 ms</span>
              </div> <!-- configuration-method after -->
              <div class="configuration-method after">
                <span class="method-name">cleanUp</span>
                <span class="method-start">441047 ms</span>
              </div> <!-- configuration-method after -->
              <div class="configuration-method before">
                <span class="method-name">setUp(false, false, windows, 10, chrome-options, 60, http://www.mta.info)</span>
                <span class="method-start">441048 ms</span>
              </div> <!-- configuration-method before -->
              <div class="configuration-method before">
                <span class="method-name">startExtent(public void testMtaInfo.TestMtaInfo.testFinance())</span>
                <span class="method-start">445604 ms</span>
              </div> <!-- configuration-method before -->
              <div class="configuration-method before">
                <span class="method-name">init</span>
                <span class="method-start">445605 ms</span>
              </div> <!-- configuration-method before -->
              <div class="test-method">
                <img src="failed.png">
                </img>
                <span class="method-name">testFinance</span>
                <span class="method-start">445606 ms</span>
              </div> <!-- test-method -->
              <div class="configuration-method after">
                <span class="method-name">afterEachTestMethod([TestResult name=testFinance status=FAILURE method=TestMtaInfo.testFinance()[pri:0, instance:testMta...)</span>
                <span class="method-start">455632 ms</span>
              </div> <!-- configuration-method after -->
              <div class="configuration-method after">
                <span class="method-name">cleanUp</span>
                <span class="method-start">456706 ms</span>
              </div> <!-- configuration-method after -->
              <div class="configuration-method before">
                <span class="method-name">setUp(false, false, windows, 10, chrome-options, 60, http://www.mta.info)</span>
                <span class="method-start">456707 ms</span>
              </div> <!-- configuration-method before -->
              <div class="configuration-method before">
                <span class="method-name">startExtent(public void testMtaInfo.TestMtaInfo.testMtaInfo())</span>
                <span class="method-start">464486 ms</span>
              </div> <!-- configuration-method before -->
              <div class="configuration-method before">
                <span class="method-name">init</span>
                <span class="method-start">464486 ms</span>
              </div> <!-- configuration-method before -->
              <div class="test-method">
                <span class="method-name">testMtaInfo</span>
                <span class="method-start">464486 ms</span>
              </div> <!-- test-method -->
              <div class="configuration-method after">
                <span class="method-name">afterEachTestMethod([TestResult name=testMtaInfo status=SUCCESS method=TestMtaInfo.testMtaInfo()[pri:0, instance:testMta...)</span>
                <span class="method-start">466649 ms</span>
              </div> <!-- configuration-method after -->
              <div class="configuration-method after">
                <span class="method-name">cleanUp</span>
                <span class="method-start">467578 ms</span>
              </div> <!-- configuration-method after -->
              <div class="configuration-method before">
                <span class="method-name">setUp(false, false, windows, 10, chrome-options, 60, http://www.mta.info)</span>
                <span class="method-start">467578 ms</span>
              </div> <!-- configuration-method before -->
              <div class="configuration-method before">
                <span class="method-name">startExtent(public void testMtaInfo.TestMtaInfo.testMtaPoliceSearch())</span>
                <span class="method-start">474823 ms</span>
              </div> <!-- configuration-method before -->
              <div class="configuration-method before">
                <span class="method-name">init</span>
                <span class="method-start">474823 ms</span>
              </div> <!-- configuration-method before -->
              <div class="test-method">
                <span class="method-name">testMtaPoliceSearch</span>
                <span class="method-start">474824 ms</span>
              </div> <!-- test-method -->
              <div class="configuration-method after">
                <span class="method-name">afterEachTestMethod([TestResult name=testMtaPoliceSearch status=SUCCESS method=TestMtaInfo.testMtaPoliceSearch()[pri:0, ...)</span>
                <span class="method-start">480607 ms</span>
              </div> <!-- configuration-method after -->
              <div class="configuration-method after">
                <span class="method-name">cleanUp</span>
                <span class="method-start">481415 ms</span>
              </div> <!-- configuration-method after -->
              <div class="configuration-method before">
                <span class="method-name">setUp(false, false, windows, 10, chrome-options, 60, http://www.mta.info)</span>
                <span class="method-start">481416 ms</span>
              </div> <!-- configuration-method before -->
              <div class="configuration-method before">
                <span class="method-name">startExtent(public void testMtaInfo.TestMtaInfo.testMtaPoliceSearchBox() throws java.lang.InterruptedException)</span>
                <span class="method-start">488979 ms</span>
              </div> <!-- configuration-method before -->
              <div class="configuration-method before">
                <span class="method-name">init</span>
                <span class="method-start">488980 ms</span>
              </div> <!-- configuration-method before -->
              <div class="test-method">
                <span class="method-name">testMtaPoliceSearchBox</span>
                <span class="method-start">488980 ms</span>
              </div> <!-- test-method -->
              <div class="configuration-method after">
                <span class="method-name">afterEachTestMethod([TestResult name=testMtaPoliceSearchBox status=SUCCESS method=TestMtaInfo.testMtaPoliceSearchBox()[p...)</span>
                <span class="method-start">499913 ms</span>
              </div> <!-- configuration-method after -->
              <div class="configuration-method after">
                <span class="method-name">cleanUp</span>
                <span class="method-start">500740 ms</span>
              </div> <!-- configuration-method after -->
              <div class="configuration-method before">
                <span class="method-name">setUp(false, false, windows, 10, chrome-options, 60, http://www.mta.info)</span>
                <span class="method-start">500741 ms</span>
              </div> <!-- configuration-method before -->
              <div class="configuration-method before">
                <span class="method-name">startExtent(public void testMtaInfo.TestMtaInfo.testNavigate())</span>
                <span class="method-start">509306 ms</span>
              </div> <!-- configuration-method before -->
              <div class="configuration-method before">
                <span class="method-name">init</span>
                <span class="method-start">509306 ms</span>
              </div> <!-- configuration-method before -->
              <div class="test-method">
                <span class="method-name">testNavigate</span>
                <span class="method-start">509307 ms</span>
              </div> <!-- test-method -->
              <div class="configuration-method after">
                <span class="method-name">afterEachTestMethod([TestResult name=testNavigate status=SUCCESS method=TestMtaInfo.testNavigate()[pri:0, instance:testM...)</span>
                <span class="method-start">512775 ms</span>
              </div> <!-- configuration-method after -->
              <div class="configuration-method after">
                <span class="method-name">cleanUp</span>
                <span class="method-start">513650 ms</span>
              </div> <!-- configuration-method after -->
            </div> <!-- chronological-class -->
            <div class="chronological-class">
              <div class="chronological-class-name">testXlSheet.TestHomePageMyMtaAlert</div> <!-- chronological-class-name -->
              <div class="configuration-method before">
                <span class="method-name">setUp(false, false, windows, 10, chrome-options, 60, http://www.mta.info)</span>
                <span class="method-start">513789 ms</span>
              </div> <!-- configuration-method before -->
              <div class="configuration-method before">
                <span class="method-name">startExtent(public void testXlSheet.TestHomePageMyMtaAlert.signIn(java.lang.String,java.lang.String) throws java...)</span>
                <span class="method-start">521583 ms</span>
              </div> <!-- configuration-method before -->
              <div class="configuration-method before">
                <span class="method-name">initialization</span>
                <span class="method-start">521584 ms</span>
              </div> <!-- configuration-method before -->
              <div class="test-method">
                <span class="method-name">signIn(Fahim, 12345.0)</span>
                <span class="method-start">521584 ms</span>
              </div> <!-- test-method -->
              <div class="configuration-method after">
                <span class="method-name">afterEachTestMethod([TestResult name=signIn status=SUCCESS method=TestHomePageMyMtaAlert.signIn(java.lang.String, java.l...)</span>
                <span class="method-start">527244 ms</span>
              </div> <!-- configuration-method after -->
              <div class="configuration-method after">
                <span class="method-name">cleanUp</span>
                <span class="method-start">528275 ms</span>
              </div> <!-- configuration-method after -->
              <div class="configuration-method before">
                <span class="method-name">setUp(false, false, windows, 10, chrome-options, 60, http://www.mta.info)</span>
                <span class="method-start">528276 ms</span>
              </div> <!-- configuration-method before -->
              <div class="configuration-method before">
                <span class="method-name">startExtent(public void testXlSheet.TestHomePageMyMtaAlert.signIn(java.lang.String,java.lang.String) throws java...)</span>
                <span class="method-start">536560 ms</span>
              </div> <!-- configuration-method before -->
              <div class="configuration-method before">
                <span class="method-name">initialization</span>
                <span class="method-start">536561 ms</span>
              </div> <!-- configuration-method before -->
              <div class="test-method">
                <span class="method-name">signIn(Fahim1988, mun34119)</span>
                <span class="method-start">536562 ms</span>
              </div> <!-- test-method -->
              <div class="configuration-method after">
                <span class="method-name">afterEachTestMethod([TestResult name=signIn status=SUCCESS method=TestHomePageMyMtaAlert.signIn(java.lang.String, java.l...)</span>
                <span class="method-start">542483 ms</span>
              </div> <!-- configuration-method after -->
              <div class="configuration-method after">
                <span class="method-name">cleanUp</span>
                <span class="method-start">543284 ms</span>
              </div> <!-- configuration-method after -->
              <div class="configuration-method before">
                <span class="method-name">setUp(false, false, windows, 10, chrome-options, 60, http://www.mta.info)</span>
                <span class="method-start">543285 ms</span>
              </div> <!-- configuration-method before -->
              <div class="configuration-method before">
                <span class="method-name">startExtent(public void testXlSheet.TestHomePageMyMtaAlert.test() throws java.lang.InterruptedException)</span>
                <span class="method-start">551644 ms</span>
              </div> <!-- configuration-method before -->
              <div class="configuration-method before">
                <span class="method-name">initialization</span>
                <span class="method-start">551644 ms</span>
              </div> <!-- configuration-method before -->
              <div class="test-method">
                <span class="method-name">test</span>
                <span class="method-start">551644 ms</span>
              </div> <!-- test-method -->
              <div class="configuration-method after">
                <span class="method-name">afterEachTestMethod([TestResult name=test status=SUCCESS method=TestHomePageMyMtaAlert.test()[pri:0, instance:testXlShee...)</span>
                <span class="method-start">557816 ms</span>
              </div> <!-- configuration-method after -->
              <div class="configuration-method after">
                <span class="method-name">cleanUp</span>
                <span class="method-start">558678 ms</span>
              </div> <!-- configuration-method after -->
              <div class="configuration-method before">
                <span class="method-name">setUp(false, false, windows, 10, chrome-options, 60, http://www.mta.info)</span>
                <span class="method-start">558678 ms</span>
              </div> <!-- configuration-method before -->
              <div class="configuration-method before">
                <span class="method-name">startExtent(public void testXlSheet.TestHomePageMyMtaAlert.testMymtaHomePage())</span>
                <span class="method-start">566969 ms</span>
              </div> <!-- configuration-method before -->
              <div class="configuration-method before">
                <span class="method-name">initialization</span>
                <span class="method-start">566969 ms</span>
              </div> <!-- configuration-method before -->
              <div class="test-method">
                <span class="method-name">testMymtaHomePage</span>
                <span class="method-start">566969 ms</span>
              </div> <!-- test-method -->
              <div class="configuration-method after">
                <span class="method-name">afterEachTestMethod([TestResult name=testMymtaHomePage status=SUCCESS method=TestHomePageMyMtaAlert.testMymtaHomePage()[...)</span>
                <span class="method-start">569836 ms</span>
              </div> <!-- configuration-method after -->
              <div class="configuration-method after">
                <span class="method-name">cleanUp</span>
                <span class="method-start">570718 ms</span>
              </div> <!-- configuration-method after -->
            </div> <!-- chronological-class -->
            <div class="chronological-class">
              <div class="chronological-class-name">Transperancy.TestTransperancy</div> <!-- chronological-class-name -->
              <div class="configuration-method before">
                <span class="method-name">setUp(false, false, windows, 10, chrome-options, 60, http://www.mta.info)</span>
                <span class="method-start">570727 ms</span>
              </div> <!-- configuration-method before -->
              <div class="configuration-method before">
                <span class="method-name">startExtent(public void Transperancy.TestTransperancy.TestHovering() throws java.lang.InterruptedException)</span>
                <span class="method-start">579145 ms</span>
              </div> <!-- configuration-method before -->
              <div class="configuration-method before">
                <span class="method-name">init</span>
                <span class="method-start">579145 ms</span>
              </div> <!-- configuration-method before -->
              <div class="test-method">
                <span class="method-name">TestHovering</span>
                <span class="method-start">579146 ms</span>
              </div> <!-- test-method -->
              <div class="configuration-method after">
                <span class="method-name">afterEachTestMethod([TestResult name=TestHovering status=SUCCESS method=TestTransperancy.TestHovering()[pri:0, instance:...)</span>
                <span class="method-start">579250 ms</span>
              </div> <!-- configuration-method after -->
              <div class="configuration-method after">
                <span class="method-name">cleanUp</span>
                <span class="method-start">580545 ms</span>
              </div> <!-- configuration-method after -->
              <div class="configuration-method before">
                <span class="method-name">setUp(false, false, windows, 10, chrome-options, 60, http://www.mta.info)</span>
                <span class="method-start">580545 ms</span>
              </div> <!-- configuration-method before -->
              <div class="configuration-method before">
                <span class="method-name">startExtent(public void Transperancy.TestTransperancy.testGetText() throws java.lang.InterruptedException)</span>
                <span class="method-start">590710 ms</span>
              </div> <!-- configuration-method before -->
              <div class="configuration-method before">
                <span class="method-name">init</span>
                <span class="method-start">590711 ms</span>
              </div> <!-- configuration-method before -->
              <div class="test-method">
                <span class="method-name">testGetText</span>
                <span class="method-start">590711 ms</span>
              </div> <!-- test-method -->
              <div class="configuration-method after">
                <span class="method-name">afterEachTestMethod([TestResult name=testGetText status=SUCCESS method=TestTransperancy.testGetText()[pri:0, instance:Tr...)</span>
                <span class="method-start">598092 ms</span>
              </div> <!-- configuration-method after -->
              <div class="configuration-method after">
                <span class="method-name">cleanUp</span>
                <span class="method-start">598903 ms</span>
              </div> <!-- configuration-method after -->
              <div class="configuration-method before">
                <span class="method-name">setUp(false, false, windows, 10, chrome-options, 60, http://www.mta.info)</span>
                <span class="method-start">598905 ms</span>
              </div> <!-- configuration-method before -->
              <div class="configuration-method before">
                <span class="method-name">startExtent(public void Transperancy.TestTransperancy.testTransperancyHover() throws java.lang.InterruptedExcept...)</span>
                <span class="method-start">609785 ms</span>
              </div> <!-- configuration-method before -->
              <div class="configuration-method before">
                <span class="method-name">init</span>
                <span class="method-start">609786 ms</span>
              </div> <!-- configuration-method before -->
              <div class="test-method">
                <span class="method-name">testTransperancyHover</span>
                <span class="method-start">609786 ms</span>
              </div> <!-- test-method -->
              <div class="configuration-method after">
                <span class="method-name">afterEachTestMethod([TestResult name=testTransperancyHover status=SUCCESS method=TestTransperancy.testTransperancyHover(...)</span>
                <span class="method-start">618474 ms</span>
              </div> <!-- configuration-method after -->
              <div class="configuration-method after">
                <span class="method-name">cleanUp</span>
                <span class="method-start">619270 ms</span>
              </div> <!-- configuration-method after -->
            </div> <!-- chronological-class -->
            <div class="chronological-class">
              <div class="chronological-class-name">serviceStatusHomePage.TestServiceStatus</div> <!-- chronological-class-name -->
              <div class="configuration-method before">
                <span class="method-name">setUp(false, false, windows, 10, chrome-options, 60, http://www.mta.info)</span>
                <span class="method-start">619275 ms</span>
              </div> <!-- configuration-method before -->
              <div class="configuration-method before">
                <span class="method-name">startExtent(public void serviceStatusHomePage.TestServiceStatus.checkServiceStatusComponents())</span>
                <span class="method-start">628719 ms</span>
              </div> <!-- configuration-method before -->
              <div class="configuration-method before">
                <span class="method-name">initialization</span>
                <span class="method-start">628719 ms</span>
              </div> <!-- configuration-method before -->
              <div class="test-method">
                <span class="method-name">checkServiceStatusComponents</span>
                <span class="method-start">628720 ms</span>
              </div> <!-- test-method -->
              <div class="configuration-method after">
                <span class="method-name">afterEachTestMethod([TestResult name=checkServiceStatusComponents status=SUCCESS method=TestServiceStatus.checkServiceSt...)</span>
                <span class="method-start">628811 ms</span>
              </div> <!-- configuration-method after -->
              <div class="configuration-method after">
                <span class="method-name">cleanUp</span>
                <span class="method-start">629570 ms</span>
              </div> <!-- configuration-method after -->
            </div> <!-- chronological-class -->
            <div class="chronological-class">
              <div class="chronological-class-name">databaseTest.TestMongoDB</div> <!-- chronological-class-name -->
              <div class="configuration-suite after">
                <span class="method-name">generateReport</span>
                <span class="method-start">629870 ms</span>
              </div> <!-- configuration-suite after -->
          </div> <!-- main-panel-content rounded-window-bottom -->
        </div> <!-- panel -->
      </div> <!-- main-panel-root -->
    </div> <!-- wrapper -->
  </body>
</html>
