<?xml version="1.0" encoding="UTF-8"?>
<!-- Generated by org.testng.reporters.JUnitXMLReporter -->
<testsuite hostname="Fahim-Ahmed-1988" ignored="22" name="Surefire test" tests="52" failures="2" timestamp="08 Oct 2018 01:49:28 GMT" time="844.73" errors="0">
  <testcase name="insertLanguageListTest" time="1.675" classname="databaseTest.TestMongoDB"/>
  <testcase name="readDataTest" time="0.031" classname="databaseTest.TestMongoDB"/>
  <testcase name="dd" time="3.158" classname="googleSheet.GoogleSheetPageTest"/>
  <testcase name="testLogInByInvalidIdPassUsingGoogleSheet" time="19.931" classname="googleSheet.GoogleSheetPageTest"/>
  <testcase name="testSignInKeyWord" time="4.346" classname="kewwordTest.TestFeatures"/>
  <testcase name="testSignInithvalidIdAndPassword" time="5.01" classname="kewwordTest.TestFeatures"/>
  <testcase name="TestPlan" time="8.018" classname="serviceStatusHomePage.TestPlannedService"/>
  <testcase name="testDescription" time="15.975" classname="serviceStatusHomePage.TestPlannedService"/>
  <testcase name="testFroute" time="10.63" classname="serviceStatusHomePage.TestPlannedService"/>
  <testcase name="testSubways" time="4.95" classname="serviceStatusHomePage.TestPlannedService"/>
  <testcase name="textPlanTest" time="9.12" classname="serviceStatusHomePage.TestPlannedService"/>
  <testcase name="checkBridge" time="0.113" classname="serviceStatusHomePage.TestServiceStatus"/>
  <testcase name="checkBusTab" time="0.099" classname="serviceStatusHomePage.TestServiceStatus"/>
  <testcase name="checkSearchButton" time="4.74" classname="serviceStatusHomePage.TestServiceStatus"/>
  <testcase name="clickOnSubwayTest" time="0.18" classname="serviceStatusHomePage.TestServiceStatus">
    <failure type="org.openqa.selenium.InvalidSelectorException" message="invalid selector: Compound class names not permitted
  (Session info: chrome=69.0.3497.100)
  (Driver info: chromedriver=2.42.591088 (7b2b2dca23cca0862f674758c9a3933e685c27d5),platform=Windows NT 10.0.17134 x86_64) (WARNING: The server did not provide any stacktrace information)
Command duration or timeout: 0 milliseconds
For documentation on this error, please visit: http://seleniumhq.org/exceptions/invalid_selector_exception.html
Build info: version: &amp;apos;3.14.0&amp;apos;, revision: &amp;apos;aacccce0&amp;apos;, time: &amp;apos;2018-08-02T20:19:58.91Z&amp;apos;
System info: host: &amp;apos;FAHIM-AHMED-198&amp;apos;, ip: &amp;apos;192.168.141.1&amp;apos;, os.name: &amp;apos;Windows 10&amp;apos;, os.arch: &amp;apos;amd64&amp;apos;, os.version: &amp;apos;10.0&amp;apos;, java.version: &amp;apos;1.8.0_181&amp;apos;
Driver info: org.openqa.selenium.chrome.ChromeDriver
Capabilities {acceptInsecureCerts: false, acceptSslCerts: false, applicationCacheEnabled: false, browserConnectionEnabled: false, browserName: chrome, chrome: {chromedriverVersion: 2.42.591088 (7b2b2dca23cca0..., userDataDir: C:\Users\Owner\AppData\Loca...}, cssSelectorsEnabled: true, databaseEnabled: false, goog:chromeOptions: {debuggerAddress: localhost:60241}, handlesAlerts: true, hasTouchScreen: false, javascriptEnabled: true, locationContextEnabled: true, mobileEmulationEnabled: false, nativeEvents: true, networkConnectionEnabled: false, pageLoadStrategy: normal, platform: XP, platformName: XP, rotatable: false, setWindowRect: true, takesHeapSnapshot: true, takesScreenshot: true, unexpectedAlertBehaviour: , unhandledPromptBehavior: , version: 69.0.3497.100, webStorageEnabled: true}
Session ID: 53fd9b756b8779dd4d0b193638534633
*** Element info: {Using=class name, value=t tdiv selectedStatusTab}">
      <![CDATA[org.openqa.selenium.InvalidSelectorException: invalid selector: Compound class names not permitted
  (Session info: chrome=69.0.3497.100)
  (Driver info: chromedriver=2.42.591088 (7b2b2dca23cca0862f674758c9a3933e685c27d5),platform=Windows NT 10.0.17134 x86_64) (WARNING: The server did not provide any stacktrace information)
Command duration or timeout: 0 milliseconds
For documentation on this error, please visit: http://seleniumhq.org/exceptions/invalid_selector_exception.html
Build info: version: '3.14.0', revision: 'aacccce0', time: '2018-08-02T20:19:58.91Z'
System info: host: 'FAHIM-AHMED-198', ip: '192.168.141.1', os.name: 'Windows 10', os.arch: 'amd64', os.version: '10.0', java.version: '1.8.0_181'
Driver info: org.openqa.selenium.chrome.ChromeDriver
Capabilities {acceptInsecureCerts: false, acceptSslCerts: false, applicationCacheEnabled: false, browserConnectionEnabled: false, browserName: chrome, chrome: {chromedriverVersion: 2.42.591088 (7b2b2dca23cca0..., userDataDir: C:\Users\Owner\AppData\Loca...}, cssSelectorsEnabled: true, databaseEnabled: false, goog:chromeOptions: {debuggerAddress: localhost:60241}, handlesAlerts: true, hasTouchScreen: false, javascriptEnabled: true, locationContextEnabled: true, mobileEmulationEnabled: false, nativeEvents: true, networkConnectionEnabled: false, pageLoadStrategy: normal, platform: XP, platformName: XP, rotatable: false, setWindowRect: true, takesHeapSnapshot: true, takesScreenshot: true, unexpectedAlertBehaviour: , unhandledPromptBehavior: , version: 69.0.3497.100, webStorageEnabled: true}
Session ID: 53fd9b756b8779dd4d0b193638534633
*** Element info: {Using=class name, value=t tdiv selectedStatusTab}
at org.openqa.selenium.remote.ErrorHandler.createThrowable(ErrorHandler.java:214)
at org.openqa.selenium.remote.ErrorHandler.throwIfResponseFailed(ErrorHandler.java:166)
at org.openqa.selenium.remote.http.JsonHttpResponseCodec.reconstructValue(JsonHttpResponseCodec.java:40)
at org.openqa.selenium.remote.http.AbstractHttpResponseCodec.decode(AbstractHttpResponseCodec.java:80)
at org.openqa.selenium.remote.http.AbstractHttpResponseCodec.decode(AbstractHttpResponseCodec.java:44)
at org.openqa.selenium.remote.HttpCommandExecutor.execute(HttpCommandExecutor.java:158)
at org.openqa.selenium.remote.service.DriverCommandExecutor.execute(DriverCommandExecutor.java:83)
at org.openqa.selenium.remote.RemoteWebDriver.execute(RemoteWebDriver.java:548)
at org.openqa.selenium.remote.RemoteWebDriver.findElement(RemoteWebDriver.java:322)
at org.openqa.selenium.remote.RemoteWebDriver.findElementByClassName(RemoteWebDriver.java:408)
at org.openqa.selenium.By$ByClassName.findElement(By.java:389)
at org.openqa.selenium.remote.RemoteWebDriver.findElement(RemoteWebDriver.java:314)
at pages.HomePage.clickOnSubWay(HomePage.java:35)
at serviceStatusHomePage.TestServiceStatus.clickOnSubwayTest(TestServiceStatus.java:42)
... Removed 34 stack frames]]>
    </failure>
  </testcase> <!-- clickOnSubwayTest -->
  <testcase name="languageOptions" time="0.1" classname="serviceStatusHomePage.TestServiceStatus"/>
  <testcase name="testBusiness" time="7.129" classname="serviceStatusHomePage.TestServiceStatus"/>
  <testcase name="testEHquarter" time="7.192" classname="serviceStatusHomePage.TestServiceStatus"/>
  <testcase name="testEmployment" time="4.629" classname="serviceStatusHomePage.TestServiceStatus"/>
  <testcase name="testInputBox" time="0.122" classname="serviceStatusHomePage.TestServiceStatus"/>
  <testcase name="iFrameTest" time="2.946" classname="serviceStatusHomePage.TestSpecialServiceNotice"/>
  <testcase name="imageSizeTest" time="2.85" classname="serviceStatusHomePage.TestSpecialServiceNotice"/>
  <testcase name="st238Test" time="4.334" classname="serviceStatusHomePage.TestSpecialServiceNotice"/>
  <testcase name="testAdvance" time="0.109" classname="serviceStatusHomePage.TestTripPlanner"/>
  <testcase name="testArrival" time="0.529" classname="serviceStatusHomePage.TestTripPlanner"/>
  <testcase name="testForm" time="1.18" classname="serviceStatusHomePage.TestTripPlanner"/>
  <testcase name="testHoveringTripPlanner" time="6.498" classname="serviceStatusHomePage.TestTripPlanner"/>
  <testcase name="testSelectHoverItem" time="12.154" classname="serviceStatusHomePage.TestTripPlanner">
    <failure type="org.openqa.selenium.InvalidSelectorException" message="invalid selector: An invalid or illegal selector was specified
  (Session info: chrome=69.0.3497.100)
  (Driver info: chromedriver=2.42.591088 (7b2b2dca23cca0862f674758c9a3933e685c27d5),platform=Windows NT 10.0.17134 x86_64) (WARNING: The server did not provide any stacktrace information)
Command duration or timeout: 0 milliseconds
For documentation on this error, please visit: http://seleniumhq.org/exceptions/invalid_selector_exception.html
Build info: version: &amp;apos;3.14.0&amp;apos;, revision: &amp;apos;aacccce0&amp;apos;, time: &amp;apos;2018-08-02T20:19:58.91Z&amp;apos;
System info: host: &amp;apos;FAHIM-AHMED-198&amp;apos;, ip: &amp;apos;192.168.141.1&amp;apos;, os.name: &amp;apos;Windows 10&amp;apos;, os.arch: &amp;apos;amd64&amp;apos;, os.version: &amp;apos;10.0&amp;apos;, java.version: &amp;apos;1.8.0_181&amp;apos;
Driver info: org.openqa.selenium.chrome.ChromeDriver
Capabilities {acceptInsecureCerts: false, acceptSslCerts: false, applicationCacheEnabled: false, browserConnectionEnabled: false, browserName: chrome, chrome: {chromedriverVersion: 2.42.591088 (7b2b2dca23cca0..., userDataDir: C:\Users\Owner\AppData\Loca...}, cssSelectorsEnabled: true, databaseEnabled: false, goog:chromeOptions: {debuggerAddress: localhost:61068}, handlesAlerts: true, hasTouchScreen: false, javascriptEnabled: true, locationContextEnabled: true, mobileEmulationEnabled: false, nativeEvents: true, networkConnectionEnabled: false, pageLoadStrategy: normal, platform: XP, platformName: XP, rotatable: false, setWindowRect: true, takesHeapSnapshot: true, takesScreenshot: true, unexpectedAlertBehaviour: , unhandledPromptBehavior: , version: 69.0.3497.100, webStorageEnabled: true}
Session ID: c2bdf3fd9f0680150bb86aae28e59613
*** Element info: {Using=css selector, value=//a[contains(text(),&amp;apos;Trip Planners&amp;apos;)]}">
      <![CDATA[org.openqa.selenium.InvalidSelectorException: invalid selector: An invalid or illegal selector was specified
  (Session info: chrome=69.0.3497.100)
  (Driver info: chromedriver=2.42.591088 (7b2b2dca23cca0862f674758c9a3933e685c27d5),platform=Windows NT 10.0.17134 x86_64) (WARNING: The server did not provide any stacktrace information)
Command duration or timeout: 0 milliseconds
For documentation on this error, please visit: http://seleniumhq.org/exceptions/invalid_selector_exception.html
Build info: version: '3.14.0', revision: 'aacccce0', time: '2018-08-02T20:19:58.91Z'
System info: host: 'FAHIM-AHMED-198', ip: '192.168.141.1', os.name: 'Windows 10', os.arch: 'amd64', os.version: '10.0', java.version: '1.8.0_181'
Driver info: org.openqa.selenium.chrome.ChromeDriver
Capabilities {acceptInsecureCerts: false, acceptSslCerts: false, applicationCacheEnabled: false, browserConnectionEnabled: false, browserName: chrome, chrome: {chromedriverVersion: 2.42.591088 (7b2b2dca23cca0..., userDataDir: C:\Users\Owner\AppData\Loca...}, cssSelectorsEnabled: true, databaseEnabled: false, goog:chromeOptions: {debuggerAddress: localhost:61068}, handlesAlerts: true, hasTouchScreen: false, javascriptEnabled: true, locationContextEnabled: true, mobileEmulationEnabled: false, nativeEvents: true, networkConnectionEnabled: false, pageLoadStrategy: normal, platform: XP, platformName: XP, rotatable: false, setWindowRect: true, takesHeapSnapshot: true, takesScreenshot: true, unexpectedAlertBehaviour: , unhandledPromptBehavior: , version: 69.0.3497.100, webStorageEnabled: true}
Session ID: c2bdf3fd9f0680150bb86aae28e59613
*** Element info: {Using=css selector, value=//a[contains(text(),'Trip Planners')]}
at org.openqa.selenium.remote.ErrorHandler.createThrowable(ErrorHandler.java:214)
at org.openqa.selenium.remote.ErrorHandler.throwIfResponseFailed(ErrorHandler.java:166)
at org.openqa.selenium.remote.http.JsonHttpResponseCodec.reconstructValue(JsonHttpResponseCodec.java:40)
at org.openqa.selenium.remote.http.AbstractHttpResponseCodec.decode(AbstractHttpResponseCodec.java:80)
at org.openqa.selenium.remote.http.AbstractHttpResponseCodec.decode(AbstractHttpResponseCodec.java:44)
at org.openqa.selenium.remote.HttpCommandExecutor.execute(HttpCommandExecutor.java:158)
at org.openqa.selenium.remote.service.DriverCommandExecutor.execute(DriverCommandExecutor.java:83)
at org.openqa.selenium.remote.RemoteWebDriver.execute(RemoteWebDriver.java:548)
at org.openqa.selenium.remote.RemoteWebDriver.findElement(RemoteWebDriver.java:322)
at org.openqa.selenium.remote.RemoteWebDriver.findElementByCssSelector(RemoteWebDriver.java:416)
at org.openqa.selenium.By$ByCssSelector.findElement(By.java:431)
at org.openqa.selenium.remote.RemoteWebDriver.findElement(RemoteWebDriver.java:314)
at base.CommonAPI.mouseHoverByXpath(CommonAPI.java:315)
at pages.TripsPlanner.hoveringTripPlanner(TripsPlanner.java:69)
at pages.TripsPlanner.selectHoveringItem(TripsPlanner.java:74)
at serviceStatusHomePage.TestTripPlanner.testSelectHoverItem(TestTripPlanner.java:57)
... Removed 34 stack frames]]>
    </failure>
  </testcase> <!-- testSelectHoverItem -->
  <testcase name="testTitle" time="0.12" classname="serviceStatusHomePage.TestTripPlanner"/>
  <testcase name="testTripsPlannerService" time="0.102" classname="serviceStatusHomePage.TestTripPlanner"/>
  <testcase name="testTripsTitle" time="7.294" classname="serviceStatusHomePage.TestTripPlanner"/>
  <testcase name="testAdOnMtaCard" time="4.822" classname="testBusiness.TestDoingBusiness"/>
  <testcase name="testBusinessItem" time="5.357" classname="testBusiness.TestDoingBusiness"/>
  <testcase name="testBusinessTite" time="2.632" classname="testBusiness.TestDoingBusiness"/>
  <testcase name="testDoingBusiness" time="3.283" classname="testBusiness.TestDoingBusiness"/>
  <testcase name="testSchedule" time="7.583" classname="testFareAndTolls.ScheduleTest"/>
  <testcase name="testStatenIslands" time="5.269" classname="testFareAndTolls.ScheduleTest"/>
  <testcase name="AboutMtaTest" time="6.252" classname="testMtaInfo.TestMtaInfo"/>
  <testcase name="getMtaTitle" time="5.691" classname="testMtaInfo.TestMtaInfo"/>
  <testcase name="testFinance" time="5.034" classname="testMtaInfo.TestMtaInfo"/>
  <testcase name="testMtaInfo" time="2.554" classname="testMtaInfo.TestMtaInfo"/>
  <testcase name="testMtaPoliceSearch" time="10.244" classname="testMtaInfo.TestMtaInfo"/>
  <testcase name="testMtaPoliceSearchBox" time="16.027" classname="testMtaInfo.TestMtaInfo"/>
  <testcase name="testNavigate" time="3.704" classname="testMtaInfo.TestMtaInfo"/>
  <testcase name="signIn" time="8.59" classname="testXlSheet.TestHomePageMyMtaAlert"/>
  <testcase name="signIn" time="6.664" classname="testXlSheet.TestHomePageMyMtaAlert"/>
  <testcase name="test" time="8.753" classname="testXlSheet.TestHomePageMyMtaAlert"/>
  <testcase name="testMymtaHomePage" time="6.595" classname="testXlSheet.TestHomePageMyMtaAlert"/>
  <testcase name="TestHovering" time="0.113" classname="Transperancy.TestTransperancy"/>
  <testcase name="testGetText" time="8.384" classname="Transperancy.TestTransperancy"/>
  <testcase name="testTransperancyHover" time="5.962" classname="Transperancy.TestTransperancy"/>
  <testcase name="checkServiceStatusComponents" time="0.098" classname="serviceStatusHomePage.TestServiceStatus"/>
  <testcase name="@BeforeSuite extentSetup" time="0.0" classname="base.CommonAPI">
    <ignored/>
  </testcase> <!-- @BeforeSuite extentSetup -->
  <testcase name="@BeforeSuite extentSetup" time="0.0" classname="base.CommonAPI">
    <ignored/>
  </testcase> <!-- @BeforeSuite extentSetup -->
  <testcase name="@BeforeSuite extentSetup" time="0.0" classname="base.CommonAPI">
    <ignored/>
  </testcase> <!-- @BeforeSuite extentSetup -->
  <testcase name="@BeforeSuite extentSetup" time="0.0" classname="base.CommonAPI">
    <ignored/>
  </testcase> <!-- @BeforeSuite extentSetup -->
  <testcase name="@BeforeSuite extentSetup" time="0.0" classname="base.CommonAPI">
    <ignored/>
  </testcase> <!-- @BeforeSuite extentSetup -->
  <testcase name="@BeforeSuite extentSetup" time="0.0" classname="base.CommonAPI">
    <ignored/>
  </testcase> <!-- @BeforeSuite extentSetup -->
  <testcase name="@BeforeSuite extentSetup" time="0.0" classname="base.CommonAPI">
    <ignored/>
  </testcase> <!-- @BeforeSuite extentSetup -->
  <testcase name="@BeforeSuite extentSetup" time="0.0" classname="base.CommonAPI">
    <ignored/>
  </testcase> <!-- @BeforeSuite extentSetup -->
  <testcase name="@BeforeSuite extentSetup" time="0.0" classname="base.CommonAPI">
    <ignored/>
  </testcase> <!-- @BeforeSuite extentSetup -->
  <testcase name="@BeforeSuite extentSetup" time="0.0" classname="base.CommonAPI">
    <ignored/>
  </testcase> <!-- @BeforeSuite extentSetup -->
  <testcase name="@BeforeSuite extentSetup" time="0.0" classname="base.CommonAPI">
    <ignored/>
  </testcase> <!-- @BeforeSuite extentSetup -->
  <testcase name="@AfterSuite generateReport" time="0.0" classname="base.CommonAPI">
    <ignored/>
  </testcase> <!-- @AfterSuite generateReport -->
  <testcase name="@AfterSuite generateReport" time="0.0" classname="base.CommonAPI">
    <ignored/>
  </testcase> <!-- @AfterSuite generateReport -->
  <testcase name="@AfterSuite generateReport" time="0.0" classname="base.CommonAPI">
    <ignored/>
  </testcase> <!-- @AfterSuite generateReport -->
  <testcase name="@AfterSuite generateReport" time="0.0" classname="base.CommonAPI">
    <ignored/>
  </testcase> <!-- @AfterSuite generateReport -->
  <testcase name="@AfterSuite generateReport" time="0.0" classname="base.CommonAPI">
    <ignored/>
  </testcase> <!-- @AfterSuite generateReport -->
  <testcase name="@AfterSuite generateReport" time="0.0" classname="base.CommonAPI">
    <ignored/>
  </testcase> <!-- @AfterSuite generateReport -->
  <testcase name="@AfterSuite generateReport" time="0.0" classname="base.CommonAPI">
    <ignored/>
  </testcase> <!-- @AfterSuite generateReport -->
  <testcase name="@AfterSuite generateReport" time="0.0" classname="base.CommonAPI">
    <ignored/>
  </testcase> <!-- @AfterSuite generateReport -->
  <testcase name="@AfterSuite generateReport" time="0.0" classname="base.CommonAPI">
    <ignored/>
  </testcase> <!-- @AfterSuite generateReport -->
  <testcase name="@AfterSuite generateReport" time="0.0" classname="base.CommonAPI">
    <ignored/>
  </testcase> <!-- @AfterSuite generateReport -->
  <testcase name="@AfterSuite generateReport" time="0.0" classname="base.CommonAPI">
    <ignored/>
  </testcase> <!-- @AfterSuite generateReport -->
</testsuite> <!-- Surefire test -->
